0 info it worked if it ends with ok
1 verbose cli [ '/usr/local/bin/node',
1 verbose cli   '/usr/local/bin/npm',
1 verbose cli   'install',
1 verbose cli   '-g',
1 verbose cli   'karma' ]
2 info using npm@1.4.28
3 info using node@v0.10.32
4 verbose cache add [ 'karma', null ]
5 verbose cache add name=undefined spec="karma" args=["karma",null]
6 verbose parsed url { protocol: null,
6 verbose parsed url   slashes: null,
6 verbose parsed url   auth: null,
6 verbose parsed url   host: null,
6 verbose parsed url   port: null,
6 verbose parsed url   hostname: null,
6 verbose parsed url   hash: null,
6 verbose parsed url   search: null,
6 verbose parsed url   query: null,
6 verbose parsed url   pathname: 'karma',
6 verbose parsed url   path: 'karma',
6 verbose parsed url   href: 'karma' }
7 silly lockFile 512423cb-karma karma
8 verbose lock karma /home/pdipietro/.npm/512423cb-karma.lock
9 silly lockFile 512423cb-karma karma
10 silly lockFile 512423cb-karma karma
11 verbose addNamed [ 'karma', '' ]
12 verbose addNamed [ null, '*' ]
13 silly lockFile cd7961bb-karma karma@
14 verbose lock karma@ /home/pdipietro/.npm/cd7961bb-karma.lock
15 silly addNameRange { name: 'karma', range: '*', hasData: false }
16 verbose request where is /karma
17 verbose request registry https://registry.npmjs.org/
18 verbose request id 372d3f1b7bd34a32
19 verbose url raw /karma
20 verbose url resolving [ 'https://registry.npmjs.org/', './karma' ]
21 verbose url resolved https://registry.npmjs.org/karma
22 verbose request where is https://registry.npmjs.org/karma
23 info trying registry request attempt 1 at 16:15:06
24 http GET https://registry.npmjs.org/karma
25 http 200 https://registry.npmjs.org/karma
26 silly registry.get cb [ 200,
26 silly registry.get   { date: 'Wed, 15 Oct 2014 14:15:15 GMT',
26 silly registry.get     server: 'CouchDB/1.5.0 (Erlang OTP/R16B03)',
26 silly registry.get     etag: '"3Z5NA2ZQ8SZFNJFK9GK275JF9"',
26 silly registry.get     'content-type': 'application/json',
26 silly registry.get     'cache-control': 'max-age=60',
26 silly registry.get     'content-length': '513515',
26 silly registry.get     'accept-ranges': 'bytes',
26 silly registry.get     via: '1.1 varnish',
26 silly registry.get     age: '0',
26 silly registry.get     'x-served-by': 'cache-ams4122-AMS',
26 silly registry.get     'x-cache': 'HIT',
26 silly registry.get     'x-cache-hits': '1',
26 silly registry.get     'x-timer': 'S1413382515.598124,VS0,VE2',
26 silly registry.get     vary: 'Accept',
26 silly registry.get     'keep-alive': 'timeout=10, max=50',
26 silly registry.get     connection: 'Keep-Alive' } ]
27 silly addNameRange number 2 { name: 'karma', range: '*', hasData: true }
28 silly addNameRange versions [ 'karma',
28 silly addNameRange   [ '0.8.0',
28 silly addNameRange     '0.9.0-dart',
28 silly addNameRange     '0.8.1',
28 silly addNameRange     '0.8.2',
28 silly addNameRange     '0.8.3',
28 silly addNameRange     '0.9.0',
28 silly addNameRange     '0.8.4',
28 silly addNameRange     '0.9.1',
28 silly addNameRange     '0.8.5',
28 silly addNameRange     '0.9.2',
28 silly addNameRange     '0.9.2-dart',
28 silly addNameRange     '0.9.3',
28 silly addNameRange     '0.8.6',
28 silly addNameRange     '0.9.4',
28 silly addNameRange     '0.8.7',
28 silly addNameRange     '0.9.5',
28 silly addNameRange     '0.9.6',
28 silly addNameRange     '0.8.8',
28 silly addNameRange     '0.9.7',
28 silly addNameRange     '0.9.8',
28 silly addNameRange     '0.10.0',
28 silly addNameRange     '0.10.1',
28 silly addNameRange     '0.10.2',
28 silly addNameRange     '0.11.0',
28 silly addNameRange     '0.11.1',
28 silly addNameRange     '0.10.3',
28 silly addNameRange     '0.10.4',
28 silly addNameRange     '0.11.2',
28 silly addNameRange     '0.11.3',
28 silly addNameRange     '0.10.5',
28 silly addNameRange     '0.11.4',
28 silly addNameRange     '0.11.5',
28 silly addNameRange     '0.10.6',
28 silly addNameRange     '0.11.6',
28 silly addNameRange     '0.10.7',
28 silly addNameRange     '0.11.7',
28 silly addNameRange     '0.11.8',
28 silly addNameRange     '0.11.9',
28 silly addNameRange     '0.10.8',
28 silly addNameRange     '0.11.10',
28 silly addNameRange     '0.11.11',
28 silly addNameRange     '0.11.12',
28 silly addNameRange     '0.11.11-dev',
28 silly addNameRange     '0.10.9',
28 silly addNameRange     '0.11.12-dev',
28 silly addNameRange     '0.11.12-dev2',
28 silly addNameRange     '0.11.13',
28 silly addNameRange     '0.11.14',
28 silly addNameRange     '0.12.0',
28 silly addNameRange     '0.10.10',
28 silly addNameRange     '0.12.1',
28 silly addNameRange     '0.12.2',
28 silly addNameRange     '0.12.3',
28 silly addNameRange     '0.12.4',
28 silly addNameRange     '0.12.5',
28 silly addNameRange     '0.12.6',
28 silly addNameRange     '0.12.6-beta-43e6e28',
28 silly addNameRange     '0.12.7',
28 silly addNameRange     '0.12.8',
28 silly addNameRange     '0.12.9',
28 silly addNameRange     '0.12.10',
28 silly addNameRange     '0.12.11',
28 silly addNameRange     '0.12.12',
28 silly addNameRange     '0.12.11-beta-3029418',
28 silly addNameRange     '0.12.13',
28 silly addNameRange     '0.12.14',
28 silly addNameRange     '0.12.15',
28 silly addNameRange     '0.12.16',
28 silly addNameRange     '0.12.16-beta-905422d',
28 silly addNameRange     '0.12.17',
28 silly addNameRange     '0.12.18',
28 silly addNameRange     '0.12.19',
28 silly addNameRange     '0.12.20',
28 silly addNameRange     '0.12.21',
28 silly addNameRange     '0.12.22',
28 silly addNameRange     '0.12.23',
28 silly addNameRange     '0.12.24' ] ]
29 verbose addNamed [ 'karma', '0.12.24' ]
30 verbose addNamed [ '0.12.24', '0.12.24' ]
31 silly lockFile 11b8d689-karma-0-12-24 karma@0.12.24
32 verbose lock karma@0.12.24 /home/pdipietro/.npm/11b8d689-karma-0-12-24.lock
33 silly lockFile 1301bd88-pmjs-org-karma-karma-0-12-24-tgz https://registry.npmjs.org/karma/-/karma-0.12.24.tgz
34 verbose lock https://registry.npmjs.org/karma/-/karma-0.12.24.tgz /home/pdipietro/.npm/1301bd88-pmjs-org-karma-karma-0-12-24-tgz.lock
35 verbose addRemoteTarball [ 'https://registry.npmjs.org/karma/-/karma-0.12.24.tgz',
35 verbose addRemoteTarball   'edd66dd4698acb2227b2b3797467a477d951379d' ]
36 info retry fetch attempt 1 at 16:15:07
37 verbose fetch to= /tmp/npm-12826-Vc63wukp/registry.npmjs.org/karma/-/karma-0.12.24.tgz
38 http GET https://registry.npmjs.org/karma/-/karma-0.12.24.tgz
39 http 200 https://registry.npmjs.org/karma/-/karma-0.12.24.tgz
40 silly lockFile 1301bd88-pmjs-org-karma-karma-0-12-24-tgz https://registry.npmjs.org/karma/-/karma-0.12.24.tgz
41 silly lockFile 1301bd88-pmjs-org-karma-karma-0-12-24-tgz https://registry.npmjs.org/karma/-/karma-0.12.24.tgz
42 silly lockFile 11b8d689-karma-0-12-24 karma@0.12.24
43 silly lockFile 11b8d689-karma-0-12-24 karma@0.12.24
44 silly lockFile cd7961bb-karma karma@
45 silly lockFile cd7961bb-karma karma@
46 silly resolved [ { name: 'karma',
46 silly resolved     description: 'Spectacular Test Runner for JavaScript.',
46 silly resolved     homepage: 'http://karma-runner.github.io/',
46 silly resolved     repository: { type: 'git', url: 'git://github.com/karma-runner/karma.git' },
46 silly resolved     bugs: { url: 'https://github.com/karma-runner/karma/issues' },
46 silly resolved     keywords:
46 silly resolved      [ 'karma',
46 silly resolved        'spectacular',
46 silly resolved        'runner',
46 silly resolved        'karma',
46 silly resolved        'js',
46 silly resolved        'javascript',
46 silly resolved        'testing',
46 silly resolved        'test',
46 silly resolved        'remote',
46 silly resolved        'execution' ],
46 silly resolved     author: { name: 'Vojta Jína', email: 'vojta.jina@gmail.com' },
46 silly resolved     contributors:
46 silly resolved      [ [Object],
46 silly resolved        [Object],
46 silly resolved        [Object],
46 silly resolved        [Object],
46 silly resolved        [Object],
46 silly resolved        [Object],
46 silly resolved        [Object],
46 silly resolved        [Object],
46 silly resolved        [Object],
46 silly resolved        [Object],
46 silly resolved        [Object],
46 silly resolved        [Object],
46 silly resolved        [Object],
46 silly resolved        [Object],
46 silly resolved        [Object],
46 silly resolved        [Object],
46 silly resolved        [Object],
46 silly resolved        [Object],
46 silly resolved        [Object],
46 silly resolved        [Object],
46 silly resolved        [Object],
46 silly resolved        [Object],
46 silly resolved        [Object],
46 silly resolved        [Object],
46 silly resolved        [Object],
46 silly resolved        [Object],
46 silly resolved        [Object],
46 silly resolved        [Object],
46 silly resolved        [Object],
46 silly resolved        [Object],
46 silly resolved        [Object],
46 silly resolved        [Object],
46 silly resolved        [Object],
46 silly resolved        [Object],
46 silly resolved        [Object],
46 silly resolved        [Object],
46 silly resolved        [Object],
46 silly resolved        [Object],
46 silly resolved        [Object],
46 silly resolved        [Object],
46 silly resolved        [Object],
46 silly resolved        [Object],
46 silly resolved        [Object],
46 silly resolved        [Object],
46 silly resolved        [Object],
46 silly resolved        [Object],
46 silly resolved        [Object],
46 silly resolved        [Object],
46 silly resolved        [Object],
46 silly resolved        [Object],
46 silly resolved        [Object],
46 silly resolved        [Object],
46 silly resolved        [Object],
46 silly resolved        [Object],
46 silly resolved        [Object],
46 silly resolved        [Object],
46 silly resolved        [Object],
46 silly resolved        [Object],
46 silly resolved        [Object],
46 silly resolved        [Object],
46 silly resolved        [Object],
46 silly resolved        [Object],
46 silly resolved        [Object],
46 silly resolved        [Object],
46 silly resolved        [Object],
46 silly resolved        [Object],
46 silly resolved        [Object],
46 silly resolved        [Object],
46 silly resolved        [Object],
46 silly resolved        [Object],
46 silly resolved        [Object],
46 silly resolved        [Object],
46 silly resolved        [Object],
46 silly resolved        [Object],
46 silly resolved        [Object],
46 silly resolved        [Object],
46 silly resolved        [Object],
46 silly resolved        [Object],
46 silly resolved        [Object],
46 silly resolved        [Object],
46 silly resolved        [Object],
46 silly resolved        [Object],
46 silly resolved        [Object],
46 silly resolved        [Object],
46 silly resolved        [Object],
46 silly resolved        [Object],
46 silly resolved        [Object],
46 silly resolved        [Object],
46 silly resolved        [Object],
46 silly resolved        [Object],
46 silly resolved        [Object],
46 silly resolved        [Object],
46 silly resolved        [Object],
46 silly resolved        [Object],
46 silly resolved        [Object],
46 silly resolved        [Object],
46 silly resolved        [Object],
46 silly resolved        [Object],
46 silly resolved        [Object],
46 silly resolved        [Object],
46 silly resolved        [Object],
46 silly resolved        [Object],
46 silly resolved        [Object],
46 silly resolved        [Object],
46 silly resolved        [Object],
46 silly resolved        [Object],
46 silly resolved        [Object],
46 silly resolved        [Object],
46 silly resolved        [Object],
46 silly resolved        [Object],
46 silly resolved        [Object],
46 silly resolved        [Object],
46 silly resolved        [Object],
46 silly resolved        [Object],
46 silly resolved        [Object],
46 silly resolved        [Object],
46 silly resolved        [Object],
46 silly resolved        [Object],
46 silly resolved        [Object],
46 silly resolved        [Object],
46 silly resolved        [Object],
46 silly resolved        [Object],
46 silly resolved        [Object],
46 silly resolved        [Object],
46 silly resolved        [Object],
46 silly resolved        [Object],
46 silly resolved        [Object],
46 silly resolved        [Object],
46 silly resolved        [Object],
46 silly resolved        [Object],
46 silly resolved        [Object],
46 silly resolved        [Object],
46 silly resolved        [Object],
46 silly resolved        [Object],
46 silly resolved        [Object],
46 silly resolved        [Object],
46 silly resolved        [Object] ],
46 silly resolved     dependencies:
46 silly resolved      { di: '~0.0.1',
46 silly resolved        'socket.io': '~0.9.13',
46 silly resolved        chokidar: '>=0.8.2',
46 silly resolved        glob: '~3.2.7',
46 silly resolved        minimatch: '~0.2',
46 silly resolved        'http-proxy': '~0.10',
46 silly resolved        optimist: '~0.6.0',
46 silly resolved        rimraf: '~2.2.5',
46 silly resolved        q: '~0.9.7',
46 silly resolved        colors: '~0.6.2',
46 silly resolved        lodash: '~2.4.1',
46 silly resolved        mime: '~1.2.11',
46 silly resolved        log4js: '~0.6.3',
46 silly resolved        useragent: '~2.0.4',
46 silly resolved        'graceful-fs': '~2.0.1',
46 silly resolved        connect: '~2.12.0',
46 silly resolved        'source-map': '~0.1.31' },
46 silly resolved     devDependencies:
46 silly resolved      { grunt: '~0.4',
46 silly resolved        'grunt-simple-mocha': '*',
46 silly resolved        'grunt-contrib-jshint': '~0.10.0',
46 silly resolved        'grunt-contrib-watch': '~0.6.1',
46 silly resolved        'grunt-coffeelint': '~0.0.6',
46 silly resolved        'grunt-npm': '~0.0.1',
46 silly resolved        'grunt-bump': '~0.0.10',
46 silly resolved        'grunt-conventional-changelog': '~1.1.0',
46 silly resolved        'grunt-auto-release': '~0.0.3',
46 silly resolved        'grunt-browserify': '~2.1.3',
46 silly resolved        'load-grunt-tasks': '~0.6.0',
46 silly resolved        mocks: '~0.0.10',
46 silly resolved        which: '~1.0',
46 silly resolved        mocha: '~1.20.1',
46 silly resolved        chai: '~1.9.1',
46 silly resolved        'chai-as-promised': '~4.1.0',
46 silly resolved        sinon: '~1.10.3',
46 silly resolved        'sinon-chai': '~2.5.0',
46 silly resolved        'timer-shim': '~0.3.0',
46 silly resolved        'karma-jasmine': '~0.1.0',
46 silly resolved        'karma-mocha': '*',
46 silly resolved        'karma-qunit': '*',
46 silly resolved        'karma-coverage': '*',
46 silly resolved        'karma-requirejs': '*',
46 silly resolved        'karma-commonjs': '*',
46 silly resolved        'karma-growl-reporter': '*',
46 silly resolved        'karma-junit-reporter': '*',
46 silly resolved        'karma-chrome-launcher': '*',
46 silly resolved        'karma-firefox-launcher': '*',
46 silly resolved        'karma-sauce-launcher': '*',
46 silly resolved        'karma-phantomjs-launcher': '*',
46 silly resolved        'karma-ng-scenario': '*',
46 silly resolved        'karma-coffee-preprocessor': '*',
46 silly resolved        'karma-live-preprocessor': '*',
46 silly resolved        'karma-html2js-preprocessor': '*',
46 silly resolved        'karma-browserstack-launcher': '*',
46 silly resolved        LiveScript: '~1.2.0',
46 silly resolved        'coffee-errors': '~0.8.6',
46 silly resolved        'coffee-script': '~1.7.1',
46 silly resolved        'grunt-jscs-checker': '~0.6.1' },
46 silly resolved     main: './lib/index',
46 silly resolved     bin: {},
46 silly resolved     engines: { node: '~0.8 || ~0.10' },
46 silly resolved     version: '0.12.24',
46 silly resolved     license: 'MIT',
46 silly resolved     gitHead: 'aa658cff88a2cbd6daa258db3c30f30651e89456',
46 silly resolved     _id: 'karma@0.12.24',
46 silly resolved     scripts: {},
46 silly resolved     _shasum: 'edd66dd4698acb2227b2b3797467a477d951379d',
46 silly resolved     _from: 'karma@',
46 silly resolved     _npmVersion: '1.4.24',
46 silly resolved     _npmUser: { name: 'vojtajina', email: 'vojta.jina@gmail.com' },
46 silly resolved     maintainers: [ [Object], [Object] ],
46 silly resolved     dist:
46 silly resolved      { shasum: 'edd66dd4698acb2227b2b3797467a477d951379d',
46 silly resolved        tarball: 'http://registry.npmjs.org/karma/-/karma-0.12.24.tgz' },
46 silly resolved     directories: {},
46 silly resolved     _resolved: 'https://registry.npmjs.org/karma/-/karma-0.12.24.tgz' } ]
47 info install karma@0.12.24 into /usr/local/lib
48 info installOne karma@0.12.24
49 verbose lib/node_modules/karma unbuild
50 verbose tar unpack /home/pdipietro/.npm/karma/0.12.24/package.tgz
51 silly lockFile 17d8f24c-usr-local-lib-node-modules-karma tar:///usr/local/lib/node_modules/karma
52 verbose lock tar:///usr/local/lib/node_modules/karma /home/pdipietro/.npm/17d8f24c-usr-local-lib-node-modules-karma.lock
53 silly lockFile 49352f6b-ro-npm-karma-0-12-24-package-tgz tar:///home/pdipietro/.npm/karma/0.12.24/package.tgz
54 verbose lock tar:///home/pdipietro/.npm/karma/0.12.24/package.tgz /home/pdipietro/.npm/49352f6b-ro-npm-karma-0-12-24-package-tgz.lock
55 silly gunzTarPerm modes [ '775', '664' ]
56 error Error: EACCES, mkdir '/usr/local/lib/node_modules/karma'
56 error  { [Error: EACCES, mkdir '/usr/local/lib/node_modules/karma']
56 error   errno: 3,
56 error   code: 'EACCES',
56 error   path: '/usr/local/lib/node_modules/karma',
56 error   fstream_type: 'Directory',
56 error   fstream_path: '/usr/local/lib/node_modules/karma',
56 error   fstream_class: 'DirWriter',
56 error   fstream_stack:
56 error    [ '/usr/local/lib/node_modules/npm/node_modules/fstream/lib/dir-writer.js:36:23',
56 error      '/usr/local/lib/node_modules/npm/node_modules/mkdirp/index.js:46:53',
56 error      'Object.oncomplete (fs.js:107:15)' ] }
57 error Please try running this command again as root/Administrator.
58 error System Linux 3.13.0-37-generic
59 error command "/usr/local/bin/node" "/usr/local/bin/npm" "install" "-g" "karma"
60 error cwd /home/pdipietro/gsn
61 error node -v v0.10.32
62 error npm -v 1.4.28
63 error path /usr/local/lib/node_modules/karma
64 error fstream_path /usr/local/lib/node_modules/karma
65 error fstream_type Directory
66 error fstream_class DirWriter
67 error code EACCES
68 error errno 3
69 error stack Error: EACCES, mkdir '/usr/local/lib/node_modules/karma'
70 error fstream_stack /usr/local/lib/node_modules/npm/node_modules/fstream/lib/dir-writer.js:36:23
70 error fstream_stack /usr/local/lib/node_modules/npm/node_modules/mkdirp/index.js:46:53
70 error fstream_stack Object.oncomplete (fs.js:107:15)
71 verbose exit [ 3, true ]
