NOTE: Local Neo4j graph database service at './neo4j/data/graph.db'
Welcome to the Neo4j Shell! Enter 'help' for a list of commands


neo4j-sh (?)$ // , uuid : '43a496b4-8d43-4f25-84ed-f79834487ada'
neo4j-sh (?)$ // , uuid : '197cfd99-c78d-4043-8540-fba567f5dfa4'
neo4j-sh (?)$ // , uuid : '961eb5d5-ea18-46c3-847b-fdf25d014fb4'
neo4j-sh (?)$ // , uuid : '1d8d97ea-b696-4f17-8eb4-391ccfce56bb'
neo4j-sh (?)$ // , uuid : '0ee5fdf2-3d0e-4816-a86a-4479d0ec4f8a'
neo4j-sh (?)$ // , uuid : '3df722b3-4e2b-4d70-80df-a4ff00c173ed'
neo4j-sh (?)$ // , uuid : '2d683cb1-7fb6-4e51-83ae-36b4d20ddc60'
neo4j-sh (?)$ // , uuid : '2cb3eb00-9bf9-449c-85cc-c541ab95d70d'
neo4j-sh (?)$ // , uuid : 'eca6330e-3245-4244-8cd3-79ca8d701a81'
neo4j-sh (?)$ // , uuid : '44c6c7d9-7789-4903-bd63-19b15793f63d'
neo4j-sh (?)$ // , uuid : '66523b87-450d-4bca-af07-6a61d25a272b'
neo4j-sh (?)$ // , uuid : '35c27104-fe97-41b3-94d4-e7568782d4d9'
neo4j-sh (?)$ // , uuid : 'd53df689-b019-45ae-8fb1-9b32933c0d45'
neo4j-sh (?)$ // , uuid : '4a2690e4-482c-4b3d-b503-62d118cf1268'
neo4j-sh (?)$ // , uuid : 'd557bc9c-5ddc-43b1-8071-8a8c9709a810'
neo4j-sh (?)$ // , uuid : 'dde751f4-c912-4675-8ede-fb7158bf7121'
neo4j-sh (?)$ // , uuid : 'ee451e8a-aa2f-452a-8c1b-46316fd3eb7e'
neo4j-sh (?)$ // , uuid : 'ada9b5be-2414-4212-b0f3-f91adb75ca32'
neo4j-sh (?)$ // , uuid : '2883e5ac-f2cb-4140-8505-7556c2ab2375'
neo4j-sh (?)$ // , uuid : 'e4505145-c7eb-464e-902b-ca05f76e2bd6'
neo4j-sh (?)$ // , uuid : '3ffb132c-a69c-4f13-a1b4-2e2b45bd763e'
neo4j-sh (?)$ // , uuid : '8c24380f-f555-4bff-a563-178f106f5476'
neo4j-sh (?)$ 
neo4j-sh (?)$ begin
Transaction started
neo4j-sh (?)$  create constraint on (n:`Country`) assert n.`code` is unique;
+-------------------+
| No data returned. |
+-------------------+
Constraints added: 1
1913 ms
neo4j-sh (?)$  create constraint on (n:`Country`) assert n.`uuid` is unique;
+-------------------+
| No data returned. |
+-------------------+
Constraints added: 1
34 ms
neo4j-sh (?)$  create constraint on (n:`Group`) assert n.`uuid` is unique;
+-------------------+
| No data returned. |
+-------------------+
Constraints added: 1
33 ms
neo4j-sh (?)$  create constraint on (n:`Provider`) assert n.`name` is unique;
+-------------------+
| No data returned. |
+-------------------+
Constraints added: 1
45 ms
neo4j-sh (?)$  create constraint on (n:`Provider`) assert n.`uuid` is unique;
+-------------------+
| No data returned. |
+-------------------+
Constraints added: 1
31 ms
neo4j-sh (?)$  create constraint on (n:`Language`) assert n.`code` is unique;
+-------------------+
| No data returned. |
+-------------------+
Constraints added: 1
31 ms
neo4j-sh (?)$  create constraint on (n:`Language`) assert n.`uuid` is unique;
+-------------------+
| No data returned. |
+-------------------+
Constraints added: 1
32 ms
neo4j-sh (?)$  create constraint on (n:`SocialNetwork`) assert n.`acronym` is unique;
+-------------------+
| No data returned. |
+-------------------+
Constraints added: 1
37 ms
neo4j-sh (?)$  create constraint on (n:`SocialNetwork`) assert n.`uuid` is unique;
+-------------------+
| No data returned. |
+-------------------+
Constraints added: 1
29 ms
neo4j-sh (?)$  create constraint on (n:`Translation`) assert n.`uuid` is unique;
+-------------------+
| No data returned. |
+-------------------+
Constraints added: 1
33 ms
neo4j-sh (?)$  create constraint on (n:`User`) assert n.`uuid` is unique;
+-------------------+
| No data returned. |
+-------------------+
Constraints added: 1
36 ms
neo4j-sh (?)$  create constraint on (n:`acronym`) assert n.`acronym` is unique;
+-------------------+
| No data returned. |
+-------------------+
Constraints added: 1
33 ms
neo4j-sh (?)$  create constraint on (n:`code`) assert n.`code` is unique;
+-------------------+
| No data returned. |
+-------------------+
Constraints added: 1
37 ms
neo4j-sh (?)$  create constraint on (n:`name`) assert n.`name` is unique;
+-------------------+
| No data returned. |
+-------------------+
Constraints added: 1
35 ms
neo4j-sh (?)$  create constraint on (n:`uuid`) assert n.`uuid` is unique;
+-------------------+
| No data returned. |
+-------------------+
Constraints added: 1
36 ms
neo4j-sh (?)$ commit
Transaction committed
neo4j-sh (?)$ 
neo4j-sh (?)$ begin
Transaction started
neo4j-sh (?)$ 
neo4j-sh (?)$  create (_0:`Language` {`_classname`:"Language", `code`:"it-it", `name`:"Italian (Italy)", `uuid`:"7b019628-1c8b-41ce-99ff-a7ea8626a0a0"})
>      , (_1:`Language` {`_classname`:"Language", `code`:"en-us", `name`:"English (US)", `uuid`:"7bfe05ce-af39-4595-b217-e491d8356a8a"})
>      , (_2:`Language` {`_classname`:"Language", `code`:"es", `name`:"Spanish", `uuid`:"0ea57dec-930d-44d6-93d6-9567aaaed36b"})
>      , (_3:`Language` {`_classname`:"Language", `code`:"fr", `name`:"French", `uuid`:"3e08d98e-a63e-4266-9eeb-cf2aba1ace73"})
>      , (_4:`Language` {`_classname`:"Language", `code`:"ru", `name`:"Russian", `uuid`:"89996b38-90d2-435d-9a8c-5205b5ca8bd7"})
>      , (_5:`SocialNetwork` {`_classname`:"SocialNetwork", `acronym`:"gsn", `description`:"This is a generic social network, like facebook", `name`:"Generic Social Network", `uuid`:"5ee3eb6c-ec15-4356-abca-113672d9a582"})
>      , (_6:`SocialNetwork` {`_classname`:"SocialNetwork", `acronym`:"wrk", `description`:"This is a social network to change the work model", `name`:"Work", `uuid`:"14740d28-7cc7-4e21-b627-8ccc46545ced"})
>      , (_7:`SocialNetwork` {`_classname`:"SocialNetwork", `acronym`:"trc", `description`:"Social network to manage goods traceability", `name`:"Traceability", `uuid`:"eed5edb5-8bac-484c-8ccf-ebecd7975c86"})
>      , (_8:`Country` {`_classname`:"Country", `code`:"IT", `uuid`:"42fe6456-85ca-465d-bc54-cacfda6aac07"})
>      , (_9:`Country` {`_classname`:"Country", `code`:"US", `uuid`:"3ac74c89-f972-4373-bfef-a954ff3e4e19"})
>      , (_10:`Country` {`_classname`:"Country", `code`:"RU", `uuid`:"81b4edbb-8249-4fdd-9ec1-c08fe1040751"})
>      , (_11:`Country` {`_classname`:"Country", `code`:"UK", `uuid`:"c9f9243a-1318-45ba-9fc2-de86c580a2ef"})
>      , (_12:`Country` {`_classname`:"Country", `code`:"FR", `uuid`:"203a9da0-22e4-45ad-a11e-4c8ec76b1769"})
>      , (_13:`Country` {`_classname`:"Country", `code`:"IN", `uuid`:"44d25c71-4702-43fb-a991-3837b0019edb"})
>      , (_14:`ClassDef` {`_classname`:"ClassDef", `name`:"Language" , uuid : 'a13a5384-8cd9-4e8d-85d7-7798e1d2a2b1'})
>      , (_16:`ClassDef` {`_classname`:"ClassDef", `name`:"Gender", uuid : '7a54b368-af98-4c3c-a44b-917ba9332ffe'})
>      , (_18:`Gender` {`_classname`:"Gender", `code`:"f", `uuid`:"8c9586e1-fc7a-4e64-952b-031f9080d623"})
>      , (_19:`Gender` {`_classname`:"Gender", `code`:"m", `uuid`:"3055a630-476d-4624-b6c0-818b08f1be90"})
>      , (_20:`Provider` {`_classname`:"Provider", `name`:"developer", `uuid`:"4a676bfe-341a-4fe8-a9d8-f6abcac51e37"})
>      , (_21:`Provider` {`_classname`:"Provider", `name`:"facebook", `uuid`:"ee6edb6d-f823-46a4-9671-8e7750fb8e5c"})
>      , (_22:`Provider` {`_classname`:"Provider", `name`:"twitter", `uuid`:"daba806b-41cc-4503-9aa6-d65a57c380c1"})
>      , (_23:`Provider` {`_classname`:"Provider", `name`:"linkedin", `uuid`:"090c687f-237c-4d28-975b-220c2ee4239f"})
>      , (_24:`Provider` {`_classname`:"Provider", `name`:"gplus", `uuid`:"a5493386-9be6-4f18-8a02-9c83277dab28"})
>      , (_25:`UserIdentity` {`_classname`:"UserIdentity", `email`:"paolodipietro58@gmail.com", `nickname`:"PDP", `password`:"9f7bca652a8697be2c164cbf6a28334027a886d264e1239802467d78e00397b3", `remember_token`:"6df4edf83cfae780b2e0568b9b7f69ba4dfb9246", `uuid`:"5366612101a0"})
>      , (_26:`User` {`_classname`:"User", `first_name`:"Paolo", `last_name`:"Di Pietro", `nickname`:"PDP", `uuid`:"e4777f23-6a2a-435c-9216-4e83f02b5953"})
>      , (_27:`UserIdentity` {`_classname`:"UserIdentity", `email`:"annalisabarone@gmail.com", `password`:"70a64ea8258114635ad34deaab2e818e036e004feb172ec8eaf617cbbdb15dd3", `remember_token`:"eee0e63732cfc4d69b230ecd5423aaac1fbec9b3", `uuid`:"36eadbb5-c7a1-48ba-aeed-84357bf2fc7a"})
>      , (_28:`User` {`_classname`:"User", `first_name`:"Annalisa", `last_name`:"Barone", `nickname`:"AB", `uuid`:"b3c0bf07-52b8-453a-b919-917a96b72322"})
>      , (_29:`UserIdentity` {`_classname`:"UserIdentity", `first_name`:"super user", `uuid`:"b43856fe-22c9-4f2f-8d37-15f4b42ed0f6"})
>      , (_30:`User` {`_classname`:"User", `first_name`:"super user", `uuid`:"f60bb49a-cec1-43a6-a8a6-b93594d2cbdc"})
> 
>      ,  _0-[:`has_translation` {`name`:"Italian (Italy)"}]->_1
>      ,  _0-[:`has_translation` {`name`:"Italiano (Italia)"}]->_0
>      ,  _1-[:`has_translation` {`name`:"Inglese (Stati Uniti)"}]->_0
>      ,  _1-[:`has_translation` {`name`:"English (United States)"}]->_1
>      ,  _5-[:`has_translation` {`description`:"Questo è un social network generico utilizzabile come facebook", `name`:"Social network generico"}]->_0
>      ,  _5-[:`uses_language` {`order`:2}]->_0
>      ,  _5-[:`uses_language` {`order`:1}]->_1
>      ,  _6-[:`has_translation` {`description`:"Questo è un social network per la gestione dei rapporti tra chi cerca una prestazione lavorativa e chi la offre", `name`:"Lavoro"}]->_0
>      ,  _6-[:`uses_language` {`order`:2}]->_1
>      ,  _6-[:`uses_language` {`order`:1}]->_0
>      ,  _7-[:`has_translation` {`description`:"Questo è un social network che consente la gestione della tracciabilità de beni/oggetti", `name`:"Tracciabilità"}]->_0
>      ,  _7-[:`uses_language` {`order`:2}]->_0
>      ,  _7-[:`uses_language` {`order`:1}]->_1
>      ,  _14-[:`has_translation` {`name`:"lingua"}]->_0
>      ,  _15-[:`has_translation` {`name`:"language"}]->_1
>      ,  _16-[:`has_translation` {`name`:"genere"}]->_0
>      ,  _17-[:`has_translation` {`name`:"gender"}]->_1
>      ,  _18-[:`has_translation` {`name`:"female"}]->_1
>      ,  _18-[:`has_translation` {`name`:"femmina"}]->_0
>      ,  _19-[:`has_translation` {`name`:"male"}]->_1
>      ,  _19-[:`has_translation` {`name`:"maschio"}]->_0
>      ,  _25-[:`is_provided_by`]->_20
>      ,  _26-[:`uses_language` {`order`:1}]->_0
>      ,  _26-[:`uses_language` {`order`:2}]->_1
>      ,  _26-[:`has_identity`]->_25
>      ,  _26-[:`has_country`]->_8
>      ,  _26-[:`likes`]->_28
>      ,  _26-[:`owns`]->_5
>      ,  _26-[:`owns`]->_11
>      ,  _26-[:`owns`]->_9
>      ,  _26-[:`owns`]->_8
>      ,  _27-[:`is_provided_by`]->_20
>      ,  _28-[:`uses_language` {`order`:2}]->_0
>      ,  _28-[:`uses_language` {`order`:1}]->_1
>      ,  _28-[:`has_identity`]->_27
>      ,  _28-[:`has_country`]->_8
>      ,  _28-[:`owns`]->_7
>      ,  _28-[:`owns`]->_6
>      ,  _28-[:`owns`]->_1
>      ,  _29-[:`is_provided_by`]->_20
>      ,  _30-[:`has_identity`]->_29
>      ,  _30-[:`uses_language` {`order`:2}]->_0
>      ,  _30-[:`uses_language` {`order`:1}]->_1
>  ;
+-------------------+
| No data returned. |
+-------------------+
Nodes created: 31
Relationships created: 43
Properties set: 137
Labels added: 29
1638 ms
neo4j-sh (?)$ commit
Transaction committed
neo4j-sh (?)$ 