2015-11-10 09:25:03.564+0000 INFO  [API] Setting startup timeout to: 120000ms based on 120000
2015-11-10 09:25:06.091+0000 INFO  [API] Successfully started database
2015-11-10 09:25:06.310+0000 INFO  [API] Starting HTTP on port :7474 with 8 threads available
2015-11-10 09:25:06.642+0000 INFO  [API] Enabling HTTPS on port :7473
10:25:06.888 [main] INFO  org.eclipse.jetty.util.log - Logging initialized @4571ms
2015-11-10 09:25:06.973+0000 INFO  [API] Mounting static content at [/webadmin] from [webadmin-html]
2015-11-10 09:25:07.053+0000 INFO  [API] Mounting static content at [/browser] from [browser]
10:25:07.059 [main] INFO  org.eclipse.jetty.server.Server - jetty-9.2.4.v20141103
10:25:07.121 [main] INFO  o.e.j.server.handler.ContextHandler - Started o.e.j.s.h.MovedContextHandler@10b8bda2{/,null,AVAILABLE}
10:25:07.231 [main] INFO  o.e.j.w.StandardDescriptorProcessor - NO JSP Support for /webadmin, did not find org.apache.jasper.servlet.JspServlet
10:25:07.252 [main] INFO  o.e.j.server.handler.ContextHandler - Started o.e.j.w.WebAppContext@4ac85872{/webadmin,jar:file:/home/joinple/joinple/db/neo4j/development/system/lib/neo4j-server-2.2.4-static-web.jar!/webadmin-html,AVAILABLE}
10:25:07.990 [main] INFO  o.e.j.server.handler.ContextHandler - Started o.e.j.s.ServletContextHandler@3dd2d82d{/db/manage,null,AVAILABLE}
10:25:08.392 [main] INFO  o.e.j.server.handler.ContextHandler - Started o.e.j.s.ServletContextHandler@36adcac7{/db/data,null,AVAILABLE}
10:25:08.426 [main] INFO  o.e.j.w.StandardDescriptorProcessor - NO JSP Support for /browser, did not find org.apache.jasper.servlet.JspServlet
10:25:08.429 [main] INFO  o.e.j.server.handler.ContextHandler - Started o.e.j.w.WebAppContext@96134dd{/browser,jar:file:/home/joinple/joinple/db/neo4j/development/system/lib/neo4j-browser-2.2.4.jar!/browser,AVAILABLE}
10:25:08.714 [main] INFO  o.e.j.server.handler.ContextHandler - Started o.e.j.s.ServletContextHandler@269397b5{/,null,AVAILABLE}
10:25:08.770 [main] INFO  o.e.jetty.server.ServerConnector - Started ServerConnector@4c30f8e5{HTTP/1.1}{localhost:7474}
10:25:09.059 [main] INFO  o.e.jetty.server.ServerConnector - Started ServerConnector@5bcf570c{SSL-HTTP/1.1}{localhost:7473}
10:25:09.061 [main] INFO  org.eclipse.jetty.server.Server - Started @6753ms
2015-11-10 09:25:09.062+0000 INFO  [API] Server started on: http://localhost:7474/
2015-11-10 09:25:09.063+0000 INFO  [API] Remote interface ready and available at [http://localhost:7474/]
2015-11-17 10:23:17.357+0000 INFO  [API] Neo4j Server shutdown initiated by request
11:23:17.379 [Thread-17] INFO  o.e.jetty.server.ServerConnector - Stopped ServerConnector@4c30f8e5{HTTP/1.1}{localhost:7474}
11:23:17.439 [Thread-17] INFO  o.e.jetty.server.ServerConnector - Stopped ServerConnector@5bcf570c{SSL-HTTP/1.1}{localhost:7473}
11:23:17.455 [Thread-17] INFO  o.e.j.server.handler.ContextHandler - Stopped o.e.j.s.ServletContextHandler@269397b5{/,null,UNAVAILABLE}
11:23:17.462 [Thread-17] INFO  o.e.j.server.handler.ContextHandler - Stopped o.e.j.w.WebAppContext@96134dd{/browser,jar:file:/home/joinple/joinple/db/neo4j/development/system/lib/neo4j-browser-2.2.4.jar!/browser,UNAVAILABLE}
11:23:17.478 [Thread-17] INFO  o.e.j.server.handler.ContextHandler - Stopped o.e.j.s.ServletContextHandler@36adcac7{/db/data,null,UNAVAILABLE}
11:23:17.480 [Thread-17] INFO  o.e.j.server.handler.ContextHandler - Stopped o.e.j.s.ServletContextHandler@3dd2d82d{/db/manage,null,UNAVAILABLE}
11:23:17.485 [Thread-17] INFO  o.e.j.server.handler.ContextHandler - Stopped o.e.j.w.WebAppContext@4ac85872{/webadmin,jar:file:/home/joinple/joinple/db/neo4j/development/system/lib/neo4j-server-2.2.4-static-web.jar!/webadmin-html,UNAVAILABLE}
11:23:17.486 [Thread-17] INFO  o.e.j.server.handler.ContextHandler - Stopped o.e.j.s.h.MovedContextHandler@10b8bda2{/,null,UNAVAILABLE}
2015-11-17 10:23:17.491+0000 INFO  [API] Successfully shutdown Neo4j Server.
2015-11-17 10:23:17.631+0000 INFO  [API] Successfully stopped database
2015-11-17 10:23:17.631+0000 INFO  [API] Successfully shutdown database.
2015-11-17 11:23:36.147+0000 INFO  [API] Setting startup timeout to: 120000ms based on 120000
2015-11-17 11:23:40.319+0000 INFO  [API] Successfully started database
2015-11-17 11:23:40.615+0000 INFO  [API] Starting HTTP on port :7474 with 8 threads available
2015-11-17 11:23:40.987+0000 INFO  [API] Enabling HTTPS on port :7473
12:23:41.230 [main] INFO  org.eclipse.jetty.util.log - Logging initialized @6875ms
2015-11-17 11:23:41.323+0000 INFO  [API] Mounting static content at [/webadmin] from [webadmin-html]
2015-11-17 11:23:41.417+0000 INFO  [API] Mounting static content at [/browser] from [browser]
12:23:41.425 [main] INFO  org.eclipse.jetty.server.Server - jetty-9.2.4.v20141103
12:23:41.479 [main] INFO  o.e.j.server.handler.ContextHandler - Started o.e.j.s.h.MovedContextHandler@50810bcc{/,null,AVAILABLE}
12:23:41.595 [main] INFO  o.e.j.w.StandardDescriptorProcessor - NO JSP Support for /webadmin, did not find org.apache.jasper.servlet.JspServlet
12:23:41.623 [main] INFO  o.e.j.server.handler.ContextHandler - Started o.e.j.w.WebAppContext@4188d6e0{/webadmin,jar:file:/home/joinple/joinple/db/neo4j/development/system/lib/neo4j-server-2.2.4-static-web.jar!/webadmin-html,AVAILABLE}
12:23:42.357 [main] INFO  o.e.j.server.handler.ContextHandler - Started o.e.j.s.ServletContextHandler@2f2b4d51{/db/manage,null,AVAILABLE}
12:23:42.746 [main] INFO  o.e.j.server.handler.ContextHandler - Started o.e.j.s.ServletContextHandler@75ba412e{/db/data,null,AVAILABLE}
12:23:42.807 [main] INFO  o.e.j.w.StandardDescriptorProcessor - NO JSP Support for /browser, did not find org.apache.jasper.servlet.JspServlet
12:23:42.810 [main] INFO  o.e.j.server.handler.ContextHandler - Started o.e.j.w.WebAppContext@1b1ff125{/browser,jar:file:/home/joinple/joinple/db/neo4j/development/system/lib/neo4j-browser-2.2.4.jar!/browser,AVAILABLE}
12:23:43.057 [main] INFO  o.e.j.server.handler.ContextHandler - Started o.e.j.s.ServletContextHandler@52c36aa{/,null,AVAILABLE}
12:23:43.085 [main] INFO  o.e.jetty.server.ServerConnector - Started ServerConnector@7ef78942{HTTP/1.1}{localhost:7474}
12:23:43.377 [main] INFO  o.e.jetty.server.ServerConnector - Started ServerConnector@7ca9bda6{SSL-HTTP/1.1}{localhost:7473}
12:23:43.380 [main] INFO  org.eclipse.jetty.server.Server - Started @9040ms
2015-11-17 11:23:43.382+0000 INFO  [API] Server started on: http://localhost:7474/
2015-11-17 11:23:43.382+0000 INFO  [API] Remote interface ready and available at [http://localhost:7474/]
2015-11-18 06:54:46.054+0000 INFO  [API] Setting startup timeout to: 120000ms based on 120000
2015-11-18 06:54:50.782+0000 INFO  [API] Successfully started database
2015-11-18 06:54:51.227+0000 INFO  [API] Starting HTTP on port :7474 with 8 threads available
2015-11-18 06:54:51.865+0000 INFO  [API] Enabling HTTPS on port :7473
07:54:52.205 [main] INFO  org.eclipse.jetty.util.log - Logging initialized @7990ms
2015-11-18 06:54:52.402+0000 INFO  [API] Mounting static content at [/webadmin] from [webadmin-html]
2015-11-18 06:54:52.518+0000 INFO  [API] Mounting static content at [/browser] from [browser]
07:54:52.526 [main] INFO  org.eclipse.jetty.server.Server - jetty-9.2.4.v20141103
07:54:52.575 [main] INFO  o.e.j.server.handler.ContextHandler - Started o.e.j.s.h.MovedContextHandler@67451a1{/,null,AVAILABLE}
07:54:52.699 [main] INFO  o.e.j.w.StandardDescriptorProcessor - NO JSP Support for /webadmin, did not find org.apache.jasper.servlet.JspServlet
07:54:52.746 [main] INFO  o.e.j.server.handler.ContextHandler - Started o.e.j.w.WebAppContext@2f38ad5c{/webadmin,jar:file:/home/joinple/joinple/db/neo4j/development/system/lib/neo4j-server-2.2.4-static-web.jar!/webadmin-html,AVAILABLE}
07:54:53.558 [main] INFO  o.e.j.server.handler.ContextHandler - Started o.e.j.s.ServletContextHandler@23faad9f{/db/manage,null,AVAILABLE}
07:54:54.025 [main] INFO  o.e.j.server.handler.ContextHandler - Started o.e.j.s.ServletContextHandler@34b9c220{/db/data,null,AVAILABLE}
07:54:54.058 [main] INFO  o.e.j.w.StandardDescriptorProcessor - NO JSP Support for /browser, did not find org.apache.jasper.servlet.JspServlet
07:54:54.061 [main] INFO  o.e.j.server.handler.ContextHandler - Started o.e.j.w.WebAppContext@2c762e30{/browser,jar:file:/home/joinple/joinple/db/neo4j/development/system/lib/neo4j-browser-2.2.4.jar!/browser,AVAILABLE}
07:54:54.266 [main] INFO  o.e.j.server.handler.ContextHandler - Started o.e.j.s.ServletContextHandler@68b575af{/,null,AVAILABLE}
07:54:54.298 [main] INFO  o.e.jetty.server.ServerConnector - Started ServerConnector@133d85b4{HTTP/1.1}{localhost:7474}
07:54:54.632 [main] INFO  o.e.jetty.server.ServerConnector - Started ServerConnector@51618b9d{SSL-HTTP/1.1}{localhost:7473}
07:54:54.634 [main] INFO  org.eclipse.jetty.server.Server - Started @10428ms
2015-11-18 06:54:54.635+0000 INFO  [API] Server started on: http://localhost:7474/
2015-11-18 06:54:54.635+0000 INFO  [API] Remote interface ready and available at [http://localhost:7474/]
2015-11-21 14:48:04.911+0000 INFO  [API] Setting startup timeout to: 120000ms based on 120000
2015-11-21 14:48:09.080+0000 INFO  [API] Successfully started database
2015-11-21 14:48:09.387+0000 INFO  [API] Starting HTTP on port :7474 with 8 threads available
2015-11-21 14:48:09.788+0000 INFO  [API] Enabling HTTPS on port :7473
15:48:10.056 [main] INFO  org.eclipse.jetty.util.log - Logging initialized @7002ms
2015-11-21 14:48:10.139+0000 INFO  [API] Mounting static content at [/webadmin] from [webadmin-html]
2015-11-21 14:48:10.268+0000 INFO  [API] Mounting static content at [/browser] from [browser]
15:48:10.274 [main] INFO  org.eclipse.jetty.server.Server - jetty-9.2.4.v20141103
15:48:10.317 [main] INFO  o.e.j.server.handler.ContextHandler - Started o.e.j.s.h.MovedContextHandler@67451a1{/,null,AVAILABLE}
15:48:10.416 [main] INFO  o.e.j.w.StandardDescriptorProcessor - NO JSP Support for /webadmin, did not find org.apache.jasper.servlet.JspServlet
15:48:10.450 [main] INFO  o.e.j.server.handler.ContextHandler - Started o.e.j.w.WebAppContext@2f38ad5c{/webadmin,jar:file:/home/joinple/joinple/db/neo4j/development/system/lib/neo4j-server-2.2.4-static-web.jar!/webadmin-html,AVAILABLE}
15:48:11.125 [main] INFO  o.e.j.server.handler.ContextHandler - Started o.e.j.s.ServletContextHandler@23faad9f{/db/manage,null,AVAILABLE}
15:48:11.484 [main] INFO  o.e.j.server.handler.ContextHandler - Started o.e.j.s.ServletContextHandler@34b9c220{/db/data,null,AVAILABLE}
15:48:11.513 [main] INFO  o.e.j.w.StandardDescriptorProcessor - NO JSP Support for /browser, did not find org.apache.jasper.servlet.JspServlet
15:48:11.516 [main] INFO  o.e.j.server.handler.ContextHandler - Started o.e.j.w.WebAppContext@2c762e30{/browser,jar:file:/home/joinple/joinple/db/neo4j/development/system/lib/neo4j-browser-2.2.4.jar!/browser,AVAILABLE}
15:48:11.712 [main] INFO  o.e.j.server.handler.ContextHandler - Started o.e.j.s.ServletContextHandler@68b575af{/,null,AVAILABLE}
15:48:11.738 [main] INFO  o.e.jetty.server.ServerConnector - Started ServerConnector@133d85b4{HTTP/1.1}{localhost:7474}
15:48:12.023 [main] INFO  o.e.jetty.server.ServerConnector - Started ServerConnector@508df2c7{SSL-HTTP/1.1}{localhost:7473}
15:48:12.024 [main] INFO  org.eclipse.jetty.server.Server - Started @8977ms
2015-11-21 14:48:12.025+0000 INFO  [API] Server started on: http://localhost:7474/
2015-11-21 14:48:12.025+0000 INFO  [API] Remote interface ready and available at [http://localhost:7474/]
2015-11-21 18:57:44.964+0000 INFO  [API] Setting startup timeout to: 120000ms based on 120000
2015-11-21 18:57:50.514+0000 INFO  [API] Successfully started database
2015-11-21 18:57:50.777+0000 INFO  [API] Starting HTTP on port :7474 with 8 threads available
2015-11-21 18:57:51.320+0000 INFO  [API] Enabling HTTPS on port :7473
19:57:51.582 [main] INFO  org.eclipse.jetty.util.log - Logging initialized @9122ms
2015-11-21 18:57:51.741+0000 INFO  [API] Mounting static content at [/webadmin] from [webadmin-html]
2015-11-21 18:57:52.304+0000 INFO  [API] Mounting static content at [/browser] from [browser]
19:57:52.348 [main] INFO  org.eclipse.jetty.server.Server - jetty-9.2.4.v20141103
19:57:52.432 [main] INFO  o.e.j.server.handler.ContextHandler - Started o.e.j.s.h.MovedContextHandler@67451a1{/,null,AVAILABLE}
19:57:52.515 [main] INFO  o.e.j.w.StandardDescriptorProcessor - NO JSP Support for /webadmin, did not find org.apache.jasper.servlet.JspServlet
19:57:52.537 [main] INFO  o.e.j.server.handler.ContextHandler - Started o.e.j.w.WebAppContext@2f38ad5c{/webadmin,jar:file:/home/joinple/joinple/db/neo4j/development/system/lib/neo4j-server-2.2.4-static-web.jar!/webadmin-html,AVAILABLE}
19:57:53.227 [main] INFO  o.e.j.server.handler.ContextHandler - Started o.e.j.s.ServletContextHandler@23faad9f{/db/manage,null,AVAILABLE}
19:57:53.607 [main] INFO  o.e.j.server.handler.ContextHandler - Started o.e.j.s.ServletContextHandler@34b9c220{/db/data,null,AVAILABLE}
19:57:53.637 [main] INFO  o.e.j.w.StandardDescriptorProcessor - NO JSP Support for /browser, did not find org.apache.jasper.servlet.JspServlet
19:57:53.640 [main] INFO  o.e.j.server.handler.ContextHandler - Started o.e.j.w.WebAppContext@2c762e30{/browser,jar:file:/home/joinple/joinple/db/neo4j/development/system/lib/neo4j-browser-2.2.4.jar!/browser,AVAILABLE}
19:57:53.861 [main] INFO  o.e.j.server.handler.ContextHandler - Started o.e.j.s.ServletContextHandler@68b575af{/,null,AVAILABLE}
19:57:53.885 [main] INFO  o.e.jetty.server.ServerConnector - Started ServerConnector@3929b5fe{HTTP/1.1}{localhost:7474}
19:57:54.176 [main] INFO  o.e.jetty.server.ServerConnector - Started ServerConnector@3b94de9a{SSL-HTTP/1.1}{localhost:7473}
19:57:54.177 [main] INFO  org.eclipse.jetty.server.Server - Started @11733ms
2015-11-21 18:57:54.179+0000 INFO  [API] Server started on: http://localhost:7474/
2015-11-21 18:57:54.180+0000 INFO  [API] Remote interface ready and available at [http://localhost:7474/]
2015-11-27 22:45:59.776+0000 INFO  [API] Neo4j Server shutdown initiated by request
23:45:59.786 [Thread-17] INFO  o.e.jetty.server.ServerConnector - Stopped ServerConnector@3929b5fe{HTTP/1.1}{localhost:7474}
23:45:59.788 [Thread-17] INFO  o.e.jetty.server.ServerConnector - Stopped ServerConnector@3b94de9a{SSL-HTTP/1.1}{localhost:7473}
23:45:59.792 [Thread-17] INFO  o.e.j.server.handler.ContextHandler - Stopped o.e.j.s.ServletContextHandler@68b575af{/,null,UNAVAILABLE}
23:45:59.830 [Thread-17] INFO  o.e.j.server.handler.ContextHandler - Stopped o.e.j.w.WebAppContext@2c762e30{/browser,jar:file:/home/joinple/joinple/db/neo4j/development/system/lib/neo4j-browser-2.2.4.jar!/browser,UNAVAILABLE}
23:45:59.832 [Thread-17] INFO  o.e.j.server.handler.ContextHandler - Stopped o.e.j.s.ServletContextHandler@34b9c220{/db/data,null,UNAVAILABLE}
23:45:59.834 [Thread-17] INFO  o.e.j.server.handler.ContextHandler - Stopped o.e.j.s.ServletContextHandler@23faad9f{/db/manage,null,UNAVAILABLE}
23:45:59.837 [Thread-17] INFO  o.e.j.server.handler.ContextHandler - Stopped o.e.j.w.WebAppContext@2f38ad5c{/webadmin,jar:file:/home/joinple/joinple/db/neo4j/development/system/lib/neo4j-server-2.2.4-static-web.jar!/webadmin-html,UNAVAILABLE}
23:45:59.838 [Thread-17] INFO  o.e.j.server.handler.ContextHandler - Stopped o.e.j.s.h.MovedContextHandler@67451a1{/,null,UNAVAILABLE}
2015-11-27 22:45:59.850+0000 INFO  [API] Successfully shutdown Neo4j Server.
2015-11-27 22:46:00.269+0000 INFO  [API] Successfully stopped database
2015-11-27 22:46:00.270+0000 INFO  [API] Successfully shutdown database.
2015-11-29 04:00:33.324+0000 INFO  [API] Setting startup timeout to: 120000ms based on 120000
2015-11-29 04:00:37.687+0000 INFO  [API] Successfully started database
2015-11-29 04:00:37.828+0000 INFO  [API] Starting HTTP on port :7474 with 8 threads available
2015-11-29 04:00:38.272+0000 INFO  [API] Enabling HTTPS on port :7473
05:00:38.505 [main] INFO  org.eclipse.jetty.util.log - Logging initialized @6995ms
2015-11-29 04:00:38.609+0000 INFO  [API] Mounting static content at [/webadmin] from [webadmin-html]
2015-11-29 04:00:38.718+0000 INFO  [API] Mounting static content at [/browser] from [browser]
05:00:38.728 [main] INFO  org.eclipse.jetty.server.Server - jetty-9.2.4.v20141103
05:00:38.800 [main] INFO  o.e.j.server.handler.ContextHandler - Started o.e.j.s.h.MovedContextHandler@6d1e3b4{/,null,AVAILABLE}
05:00:38.955 [main] INFO  o.e.j.w.StandardDescriptorProcessor - NO JSP Support for /webadmin, did not find org.apache.jasper.servlet.JspServlet
05:00:38.984 [main] INFO  o.e.j.server.handler.ContextHandler - Started o.e.j.w.WebAppContext@207d475b{/webadmin,jar:file:/home/joinple/joinple/db/neo4j/development/system/lib/neo4j-server-2.2.4-static-web.jar!/webadmin-html,AVAILABLE}
05:00:39.731 [main] INFO  o.e.j.server.handler.ContextHandler - Started o.e.j.s.ServletContextHandler@36aa0abe{/db/manage,null,AVAILABLE}
05:00:40.140 [main] INFO  o.e.j.server.handler.ContextHandler - Started o.e.j.s.ServletContextHandler@551ef083{/db/data,null,AVAILABLE}
05:00:40.177 [main] INFO  o.e.j.w.StandardDescriptorProcessor - NO JSP Support for /browser, did not find org.apache.jasper.servlet.JspServlet
05:00:40.180 [main] INFO  o.e.j.server.handler.ContextHandler - Started o.e.j.w.WebAppContext@2b46936{/browser,jar:file:/home/joinple/joinple/db/neo4j/development/system/lib/neo4j-browser-2.2.4.jar!/browser,AVAILABLE}
05:00:40.455 [main] INFO  o.e.j.server.handler.ContextHandler - Started o.e.j.s.ServletContextHandler@1199c946{/,null,AVAILABLE}
05:00:40.507 [main] INFO  o.e.jetty.server.ServerConnector - Started ServerConnector@44eee42{HTTP/1.1}{localhost:7474}
05:00:40.799 [main] INFO  o.e.jetty.server.ServerConnector - Started ServerConnector@3224d7c6{SSL-HTTP/1.1}{localhost:7473}
05:00:40.801 [main] INFO  org.eclipse.jetty.server.Server - Started @9300ms
2015-11-29 04:00:40.803+0000 INFO  [API] Server started on: http://localhost:7474/
2015-11-29 04:00:40.803+0000 INFO  [API] Remote interface ready and available at [http://localhost:7474/]
2015-11-29 19:07:31.385+0000 INFO  [API] Neo4j Server shutdown initiated by request
20:07:31.399 [Thread-17] INFO  o.e.jetty.server.ServerConnector - Stopped ServerConnector@44eee42{HTTP/1.1}{localhost:7474}
20:07:31.403 [Thread-17] INFO  o.e.jetty.server.ServerConnector - Stopped ServerConnector@3224d7c6{SSL-HTTP/1.1}{localhost:7473}
20:07:31.412 [Thread-17] INFO  o.e.j.server.handler.ContextHandler - Stopped o.e.j.s.ServletContextHandler@1199c946{/,null,UNAVAILABLE}
20:07:31.417 [Thread-17] INFO  o.e.j.server.handler.ContextHandler - Stopped o.e.j.w.WebAppContext@2b46936{/browser,jar:file:/home/joinple/joinple/db/neo4j/development/system/lib/neo4j-browser-2.2.4.jar!/browser,UNAVAILABLE}
20:07:31.419 [Thread-17] INFO  o.e.j.server.handler.ContextHandler - Stopped o.e.j.s.ServletContextHandler@551ef083{/db/data,null,UNAVAILABLE}
20:07:31.421 [Thread-17] INFO  o.e.j.server.handler.ContextHandler - Stopped o.e.j.s.ServletContextHandler@36aa0abe{/db/manage,null,UNAVAILABLE}
20:07:31.424 [Thread-17] INFO  o.e.j.server.handler.ContextHandler - Stopped o.e.j.w.WebAppContext@207d475b{/webadmin,jar:file:/home/joinple/joinple/db/neo4j/development/system/lib/neo4j-server-2.2.4-static-web.jar!/webadmin-html,UNAVAILABLE}
20:07:31.424 [Thread-17] INFO  o.e.j.server.handler.ContextHandler - Stopped o.e.j.s.h.MovedContextHandler@6d1e3b4{/,null,UNAVAILABLE}
2015-11-29 19:07:31.435+0000 INFO  [API] Successfully shutdown Neo4j Server.
2015-11-29 19:07:31.611+0000 INFO  [API] Successfully stopped database
2015-11-29 19:07:31.612+0000 INFO  [API] Successfully shutdown database.
2015-11-29 19:07:40.818+0000 INFO  [API] Setting startup timeout to: 120000ms based on 120000
2015-11-29 19:07:43.413+0000 INFO  [API] Successfully started database
2015-11-29 19:07:43.534+0000 INFO  [API] Starting HTTP on port :7474 with 8 threads available
2015-11-29 19:07:43.825+0000 INFO  [API] Enabling HTTPS on port :7473
20:07:44.057 [main] INFO  org.eclipse.jetty.util.log - Logging initialized @4272ms
2015-11-29 19:07:44.147+0000 INFO  [API] Mounting static content at [/webadmin] from [webadmin-html]
2015-11-29 19:07:44.240+0000 INFO  [API] Mounting static content at [/browser] from [browser]
20:07:44.249 [main] INFO  org.eclipse.jetty.server.Server - jetty-9.2.4.v20141103
20:07:44.300 [main] INFO  o.e.j.server.handler.ContextHandler - Started o.e.j.s.h.MovedContextHandler@6d1e3b4{/,null,AVAILABLE}
20:07:44.405 [main] INFO  o.e.j.w.StandardDescriptorProcessor - NO JSP Support for /webadmin, did not find org.apache.jasper.servlet.JspServlet
20:07:44.430 [main] INFO  o.e.j.server.handler.ContextHandler - Started o.e.j.w.WebAppContext@207d475b{/webadmin,jar:file:/home/joinple/joinple/db/neo4j/development/system/lib/neo4j-server-2.2.4-static-web.jar!/webadmin-html,AVAILABLE}
20:07:45.201 [main] INFO  o.e.j.server.handler.ContextHandler - Started o.e.j.s.ServletContextHandler@36aa0abe{/db/manage,null,AVAILABLE}
20:07:45.607 [main] INFO  o.e.j.server.handler.ContextHandler - Started o.e.j.s.ServletContextHandler@551ef083{/db/data,null,AVAILABLE}
20:07:45.642 [main] INFO  o.e.j.w.StandardDescriptorProcessor - NO JSP Support for /browser, did not find org.apache.jasper.servlet.JspServlet
20:07:45.645 [main] INFO  o.e.j.server.handler.ContextHandler - Started o.e.j.w.WebAppContext@2b46936{/browser,jar:file:/home/joinple/joinple/db/neo4j/development/system/lib/neo4j-browser-2.2.4.jar!/browser,AVAILABLE}
20:07:45.902 [main] INFO  o.e.j.server.handler.ContextHandler - Started o.e.j.s.ServletContextHandler@1199c946{/,null,AVAILABLE}
20:07:45.922 [main] INFO  o.e.jetty.server.ServerConnector - Started ServerConnector@52d1393c{HTTP/1.1}{localhost:7474}
20:07:46.242 [main] INFO  o.e.jetty.server.ServerConnector - Started ServerConnector@3224d7c6{SSL-HTTP/1.1}{localhost:7473}
20:07:46.243 [main] INFO  org.eclipse.jetty.server.Server - Started @6466ms
2015-11-29 19:07:46.243+0000 INFO  [API] Server started on: http://localhost:7474/
2015-11-29 19:07:46.244+0000 INFO  [API] Remote interface ready and available at [http://localhost:7474/]
2015-12-01 07:59:53.110+0000 INFO  [API] Neo4j Server shutdown initiated by request
08:59:53.154 [Thread-17] INFO  o.e.jetty.server.ServerConnector - Stopped ServerConnector@52d1393c{HTTP/1.1}{localhost:7474}
08:59:53.158 [Thread-17] INFO  o.e.jetty.server.ServerConnector - Stopped ServerConnector@3224d7c6{SSL-HTTP/1.1}{localhost:7473}
08:59:53.162 [Thread-17] INFO  o.e.j.server.handler.ContextHandler - Stopped o.e.j.s.ServletContextHandler@1199c946{/,null,UNAVAILABLE}
08:59:53.167 [Thread-17] INFO  o.e.j.server.handler.ContextHandler - Stopped o.e.j.w.WebAppContext@2b46936{/browser,jar:file:/home/joinple/joinple/db/neo4j/development/system/lib/neo4j-browser-2.2.4.jar!/browser,UNAVAILABLE}
08:59:53.170 [Thread-17] INFO  o.e.j.server.handler.ContextHandler - Stopped o.e.j.s.ServletContextHandler@551ef083{/db/data,null,UNAVAILABLE}
08:59:53.173 [Thread-17] INFO  o.e.j.server.handler.ContextHandler - Stopped o.e.j.s.ServletContextHandler@36aa0abe{/db/manage,null,UNAVAILABLE}
08:59:53.177 [Thread-17] INFO  o.e.j.server.handler.ContextHandler - Stopped o.e.j.w.WebAppContext@207d475b{/webadmin,jar:file:/home/joinple/joinple/db/neo4j/development/system/lib/neo4j-server-2.2.4-static-web.jar!/webadmin-html,UNAVAILABLE}
08:59:53.178 [Thread-17] INFO  o.e.j.server.handler.ContextHandler - Stopped o.e.j.s.h.MovedContextHandler@6d1e3b4{/,null,UNAVAILABLE}
2015-12-01 07:59:53.189+0000 INFO  [API] Successfully shutdown Neo4j Server.
2015-12-01 07:59:53.300+0000 INFO  [API] Successfully stopped database
2015-12-01 07:59:53.301+0000 INFO  [API] Successfully shutdown database.
2015-12-01 08:03:00.937+0000 INFO  [API] Setting startup timeout to: 120000ms based on 120000
2015-12-01 08:03:04.739+0000 INFO  [API] Successfully started database
2015-12-01 08:03:04.868+0000 INFO  [API] Starting HTTP on port :7474 with 8 threads available
2015-12-01 08:03:05.165+0000 INFO  [API] Enabling HTTPS on port :7473
09:03:05.383 [main] INFO  org.eclipse.jetty.util.log - Logging initialized @6161ms
2015-12-01 08:03:05.470+0000 INFO  [API] Mounting static content at [/webadmin] from [webadmin-html]
2015-12-01 08:03:05.566+0000 INFO  [API] Mounting static content at [/browser] from [browser]
09:03:05.571 [main] INFO  org.eclipse.jetty.server.Server - jetty-9.2.4.v20141103
09:03:05.643 [main] INFO  o.e.j.server.handler.ContextHandler - Started o.e.j.s.h.MovedContextHandler@6d1e3b4{/,null,AVAILABLE}
09:03:05.756 [main] INFO  o.e.j.w.StandardDescriptorProcessor - NO JSP Support for /webadmin, did not find org.apache.jasper.servlet.JspServlet
09:03:05.784 [main] INFO  o.e.j.server.handler.ContextHandler - Started o.e.j.w.WebAppContext@207d475b{/webadmin,jar:file:/home/joinple/joinple/db/neo4j/development/system/lib/neo4j-server-2.2.4-static-web.jar!/webadmin-html,AVAILABLE}
09:03:06.533 [main] INFO  o.e.j.server.handler.ContextHandler - Started o.e.j.s.ServletContextHandler@36aa0abe{/db/manage,null,AVAILABLE}
09:03:06.945 [main] INFO  o.e.j.server.handler.ContextHandler - Started o.e.j.s.ServletContextHandler@551ef083{/db/data,null,AVAILABLE}
09:03:06.983 [main] INFO  o.e.j.w.StandardDescriptorProcessor - NO JSP Support for /browser, did not find org.apache.jasper.servlet.JspServlet
09:03:06.985 [main] INFO  o.e.j.server.handler.ContextHandler - Started o.e.j.w.WebAppContext@2b46936{/browser,jar:file:/home/joinple/joinple/db/neo4j/development/system/lib/neo4j-browser-2.2.4.jar!/browser,AVAILABLE}
09:03:07.284 [main] INFO  o.e.j.server.handler.ContextHandler - Started o.e.j.s.ServletContextHandler@1199c946{/,null,AVAILABLE}
09:03:07.315 [main] INFO  o.e.jetty.server.ServerConnector - Started ServerConnector@7715a50a{HTTP/1.1}{localhost:7474}
09:03:07.666 [main] INFO  o.e.jetty.server.ServerConnector - Started ServerConnector@164c4a7d{SSL-HTTP/1.1}{localhost:7473}
09:03:07.666 [main] INFO  org.eclipse.jetty.server.Server - Started @8454ms
2015-12-01 08:03:07.666+0000 INFO  [API] Server started on: http://localhost:7474/
2015-12-01 08:03:07.667+0000 INFO  [API] Remote interface ready and available at [http://localhost:7474/]
2015-12-02 10:15:14.228+0000 INFO  [API] Neo4j Server shutdown initiated by request
11:15:14.243 [Thread-17] INFO  o.e.jetty.server.ServerConnector - Stopped ServerConnector@7715a50a{HTTP/1.1}{localhost:7474}
11:15:14.247 [Thread-17] INFO  o.e.jetty.server.ServerConnector - Stopped ServerConnector@164c4a7d{SSL-HTTP/1.1}{localhost:7473}
11:15:14.269 [Thread-17] INFO  o.e.j.server.handler.ContextHandler - Stopped o.e.j.s.ServletContextHandler@1199c946{/,null,UNAVAILABLE}
11:15:14.295 [Thread-17] INFO  o.e.j.server.handler.ContextHandler - Stopped o.e.j.w.WebAppContext@2b46936{/browser,jar:file:/home/joinple/joinple/db/neo4j/development/system/lib/neo4j-browser-2.2.4.jar!/browser,UNAVAILABLE}
11:15:14.297 [Thread-17] INFO  o.e.j.server.handler.ContextHandler - Stopped o.e.j.s.ServletContextHandler@551ef083{/db/data,null,UNAVAILABLE}
11:15:14.298 [Thread-17] INFO  o.e.j.server.handler.ContextHandler - Stopped o.e.j.s.ServletContextHandler@36aa0abe{/db/manage,null,UNAVAILABLE}
11:15:14.301 [Thread-17] INFO  o.e.j.server.handler.ContextHandler - Stopped o.e.j.w.WebAppContext@207d475b{/webadmin,jar:file:/home/joinple/joinple/db/neo4j/development/system/lib/neo4j-server-2.2.4-static-web.jar!/webadmin-html,UNAVAILABLE}
11:15:14.302 [Thread-17] INFO  o.e.j.server.handler.ContextHandler - Stopped o.e.j.s.h.MovedContextHandler@6d1e3b4{/,null,UNAVAILABLE}
2015-12-02 10:15:14.316+0000 INFO  [API] Successfully shutdown Neo4j Server.
2015-12-02 10:15:14.443+0000 INFO  [API] Successfully stopped database
2015-12-02 10:15:14.444+0000 INFO  [API] Successfully shutdown database.
2015-12-02 10:22:47.433+0000 INFO  [API] Setting startup timeout to: 120000ms based on 120000
2015-12-02 10:22:50.696+0000 INFO  [API] Successfully started database
2015-12-02 10:22:50.850+0000 INFO  [API] Starting HTTP on port :7474 with 8 threads available
2015-12-02 10:22:51.203+0000 INFO  [API] Enabling HTTPS on port :7473
11:22:51.445 [main] INFO  org.eclipse.jetty.util.log - Logging initialized @5571ms
2015-12-02 10:22:51.542+0000 INFO  [API] Mounting static content at [/webadmin] from [webadmin-html]
2015-12-02 10:22:51.617+0000 INFO  [API] Mounting static content at [/browser] from [browser]
11:22:51.623 [main] INFO  org.eclipse.jetty.server.Server - jetty-9.2.4.v20141103
11:22:51.665 [main] INFO  o.e.j.server.handler.ContextHandler - Started o.e.j.s.h.MovedContextHandler@2339d3d{/,null,AVAILABLE}
11:22:51.790 [main] INFO  o.e.j.w.StandardDescriptorProcessor - NO JSP Support for /webadmin, did not find org.apache.jasper.servlet.JspServlet
11:22:51.817 [main] INFO  o.e.j.server.handler.ContextHandler - Started o.e.j.w.WebAppContext@74d604cc{/webadmin,jar:file:/home/joinple/joinple/db/neo4j/development/system/lib/neo4j-server-2.2.4-static-web.jar!/webadmin-html,AVAILABLE}
11:22:52.573 [main] INFO  o.e.j.server.handler.ContextHandler - Started o.e.j.s.ServletContextHandler@17053cd3{/db/manage,null,AVAILABLE}
11:22:52.930 [main] INFO  o.e.j.server.handler.ContextHandler - Started o.e.j.s.ServletContextHandler@63a209ab{/db/data,null,AVAILABLE}
11:22:52.969 [main] INFO  o.e.j.w.StandardDescriptorProcessor - NO JSP Support for /browser, did not find org.apache.jasper.servlet.JspServlet
11:22:52.972 [main] INFO  o.e.j.server.handler.ContextHandler - Started o.e.j.w.WebAppContext@4f8afebf{/browser,jar:file:/home/joinple/joinple/db/neo4j/development/system/lib/neo4j-browser-2.2.4.jar!/browser,AVAILABLE}
11:22:53.269 [main] INFO  o.e.j.server.handler.ContextHandler - Started o.e.j.s.ServletContextHandler@3c524593{/,null,AVAILABLE}
11:22:53.296 [main] INFO  o.e.jetty.server.ServerConnector - Started ServerConnector@2c04401c{HTTP/1.1}{localhost:7474}
11:22:53.526 [main] INFO  o.e.jetty.server.ServerConnector - Started ServerConnector@7af6521c{SSL-HTTP/1.1}{localhost:7473}
11:22:53.526 [main] INFO  org.eclipse.jetty.server.Server - Started @7667ms
2015-12-02 10:22:53.527+0000 INFO  [API] Server started on: http://localhost:7474/
2015-12-02 10:22:53.527+0000 INFO  [API] Remote interface ready and available at [http://localhost:7474/]
2015-12-05 14:27:57.841+0000 INFO  [API] Setting startup timeout to: 120000ms based on 120000
2015-12-05 14:28:02.202+0000 INFO  [API] Successfully started database
2015-12-05 14:28:02.403+0000 INFO  [API] Starting HTTP on port :7474 with 8 threads available
2015-12-05 14:28:02.761+0000 INFO  [API] Enabling HTTPS on port :7473
15:28:03.082 [main] INFO  org.eclipse.jetty.util.log - Logging initialized @7153ms
2015-12-05 14:28:03.182+0000 INFO  [API] Mounting static content at [/webadmin] from [webadmin-html]
2015-12-05 14:28:03.337+0000 INFO  [API] Mounting static content at [/browser] from [browser]
15:28:03.344 [main] INFO  org.eclipse.jetty.server.Server - jetty-9.2.4.v20141103
15:28:03.403 [main] INFO  o.e.j.server.handler.ContextHandler - Started o.e.j.s.h.MovedContextHandler@4fbe2d47{/,null,AVAILABLE}
15:28:03.540 [main] INFO  o.e.j.w.StandardDescriptorProcessor - NO JSP Support for /webadmin, did not find org.apache.jasper.servlet.JspServlet
15:28:03.572 [main] INFO  o.e.j.server.handler.ContextHandler - Started o.e.j.w.WebAppContext@4d8ccdc1{/webadmin,jar:file:/home/joinple/joinple/db/neo4j/development/system/lib/neo4j-server-2.2.4-static-web.jar!/webadmin-html,AVAILABLE}
15:28:04.355 [main] INFO  o.e.j.server.handler.ContextHandler - Started o.e.j.s.ServletContextHandler@24bef098{/db/manage,null,AVAILABLE}
15:28:04.762 [main] INFO  o.e.j.server.handler.ContextHandler - Started o.e.j.s.ServletContextHandler@2711a82b{/db/data,null,AVAILABLE}
15:28:04.798 [main] INFO  o.e.j.w.StandardDescriptorProcessor - NO JSP Support for /browser, did not find org.apache.jasper.servlet.JspServlet
15:28:04.801 [main] INFO  o.e.j.server.handler.ContextHandler - Started o.e.j.w.WebAppContext@4617cc00{/browser,jar:file:/home/joinple/joinple/db/neo4j/development/system/lib/neo4j-browser-2.2.4.jar!/browser,AVAILABLE}
15:28:05.028 [main] INFO  o.e.j.server.handler.ContextHandler - Started o.e.j.s.ServletContextHandler@684095dd{/,null,AVAILABLE}
15:28:05.056 [main] INFO  o.e.jetty.server.ServerConnector - Started ServerConnector@62e06f3b{HTTP/1.1}{localhost:7474}
15:28:05.388 [main] INFO  o.e.jetty.server.ServerConnector - Started ServerConnector@4bd7b4d5{SSL-HTTP/1.1}{localhost:7473}
15:28:05.393 [main] INFO  org.eclipse.jetty.server.Server - Started @9474ms
2015-12-05 14:28:05.394+0000 INFO  [API] Server started on: http://localhost:7474/
2015-12-05 14:28:05.394+0000 INFO  [API] Remote interface ready and available at [http://localhost:7474/]
2015-12-06 11:07:56.126+0000 INFO  [API] Neo4j Server shutdown initiated by request
12:07:56.143 [Thread-17] INFO  o.e.jetty.server.ServerConnector - Stopped ServerConnector@62e06f3b{HTTP/1.1}{localhost:7474}
12:07:56.146 [Thread-17] INFO  o.e.jetty.server.ServerConnector - Stopped ServerConnector@4bd7b4d5{SSL-HTTP/1.1}{localhost:7473}
12:07:56.151 [Thread-17] INFO  o.e.j.server.handler.ContextHandler - Stopped o.e.j.s.ServletContextHandler@684095dd{/,null,UNAVAILABLE}
12:07:56.155 [Thread-17] INFO  o.e.j.server.handler.ContextHandler - Stopped o.e.j.w.WebAppContext@4617cc00{/browser,jar:file:/home/joinple/joinple/db/neo4j/development/system/lib/neo4j-browser-2.2.4.jar!/browser,UNAVAILABLE}
12:07:56.158 [Thread-17] INFO  o.e.j.server.handler.ContextHandler - Stopped o.e.j.s.ServletContextHandler@2711a82b{/db/data,null,UNAVAILABLE}
12:07:56.159 [Thread-17] INFO  o.e.j.server.handler.ContextHandler - Stopped o.e.j.s.ServletContextHandler@24bef098{/db/manage,null,UNAVAILABLE}
12:07:56.166 [Thread-17] INFO  o.e.j.server.handler.ContextHandler - Stopped o.e.j.w.WebAppContext@4d8ccdc1{/webadmin,jar:file:/home/joinple/joinple/db/neo4j/development/system/lib/neo4j-server-2.2.4-static-web.jar!/webadmin-html,UNAVAILABLE}
12:07:56.167 [Thread-17] INFO  o.e.j.server.handler.ContextHandler - Stopped o.e.j.s.h.MovedContextHandler@4fbe2d47{/,null,UNAVAILABLE}
2015-12-06 11:07:56.175+0000 INFO  [API] Successfully shutdown Neo4j Server.
2015-12-06 11:07:56.483+0000 INFO  [API] Successfully stopped database
2015-12-06 11:07:56.484+0000 INFO  [API] Successfully shutdown database.
2015-12-06 11:26:47.760+0000 INFO  [API] Setting startup timeout to: 120000ms based on 120000
2015-12-06 11:26:51.945+0000 INFO  [API] Successfully started database
2015-12-06 11:26:52.092+0000 INFO  [API] Starting HTTP on port :7474 with 8 threads available
2015-12-06 11:26:52.417+0000 INFO  [API] Enabling HTTPS on port :7473
12:26:52.709 [main] INFO  org.eclipse.jetty.util.log - Logging initialized @6663ms
2015-12-06 11:26:52.790+0000 INFO  [API] Mounting static content at [/webadmin] from [webadmin-html]
2015-12-06 11:26:52.910+0000 INFO  [API] Mounting static content at [/browser] from [browser]
12:26:52.920 [main] INFO  org.eclipse.jetty.server.Server - jetty-9.2.4.v20141103
12:26:52.970 [main] INFO  o.e.j.server.handler.ContextHandler - Started o.e.j.s.h.MovedContextHandler@2339d3d{/,null,AVAILABLE}
12:26:53.058 [main] INFO  o.e.j.w.StandardDescriptorProcessor - NO JSP Support for /webadmin, did not find org.apache.jasper.servlet.JspServlet
12:26:53.081 [main] INFO  o.e.j.server.handler.ContextHandler - Started o.e.j.w.WebAppContext@74d604cc{/webadmin,jar:file:/home/joinple/joinple/db/neo4j/development/system/lib/neo4j-server-2.2.4-static-web.jar!/webadmin-html,AVAILABLE}
12:26:53.820 [main] INFO  o.e.j.server.handler.ContextHandler - Started o.e.j.s.ServletContextHandler@17053cd3{/db/manage,null,AVAILABLE}
12:26:54.202 [main] INFO  o.e.j.server.handler.ContextHandler - Started o.e.j.s.ServletContextHandler@63a209ab{/db/data,null,AVAILABLE}
12:26:54.232 [main] INFO  o.e.j.w.StandardDescriptorProcessor - NO JSP Support for /browser, did not find org.apache.jasper.servlet.JspServlet
12:26:54.235 [main] INFO  o.e.j.server.handler.ContextHandler - Started o.e.j.w.WebAppContext@4f8afebf{/browser,jar:file:/home/joinple/joinple/db/neo4j/development/system/lib/neo4j-browser-2.2.4.jar!/browser,AVAILABLE}
12:26:54.422 [main] INFO  o.e.j.server.handler.ContextHandler - Started o.e.j.s.ServletContextHandler@3c524593{/,null,AVAILABLE}
12:26:54.520 [main] INFO  o.e.jetty.server.ServerConnector - Started ServerConnector@2c04401c{HTTP/1.1}{localhost:7474}
12:26:54.798 [main] INFO  o.e.jetty.server.ServerConnector - Started ServerConnector@7af6521c{SSL-HTTP/1.1}{localhost:7473}
12:26:54.800 [main] INFO  org.eclipse.jetty.server.Server - Started @8765ms
2015-12-06 11:26:54.800+0000 INFO  [API] Server started on: http://localhost:7474/
2015-12-06 11:26:54.801+0000 INFO  [API] Remote interface ready and available at [http://localhost:7474/]
2015-12-06 13:29:50.024+0000 INFO  [API] Neo4j Server shutdown initiated by request
14:29:50.046 [Thread-17] INFO  o.e.jetty.server.ServerConnector - Stopped ServerConnector@2c04401c{HTTP/1.1}{localhost:7474}
14:29:50.049 [Thread-17] INFO  o.e.jetty.server.ServerConnector - Stopped ServerConnector@7af6521c{SSL-HTTP/1.1}{localhost:7473}
14:29:50.054 [Thread-17] INFO  o.e.j.server.handler.ContextHandler - Stopped o.e.j.s.ServletContextHandler@3c524593{/,null,UNAVAILABLE}
14:29:50.058 [Thread-17] INFO  o.e.j.server.handler.ContextHandler - Stopped o.e.j.w.WebAppContext@4f8afebf{/browser,jar:file:/home/joinple/joinple/db/neo4j/development/system/lib/neo4j-browser-2.2.4.jar!/browser,UNAVAILABLE}
14:29:50.060 [Thread-17] INFO  o.e.j.server.handler.ContextHandler - Stopped o.e.j.s.ServletContextHandler@63a209ab{/db/data,null,UNAVAILABLE}
14:29:50.062 [Thread-17] INFO  o.e.j.server.handler.ContextHandler - Stopped o.e.j.s.ServletContextHandler@17053cd3{/db/manage,null,UNAVAILABLE}
14:29:50.066 [Thread-17] INFO  o.e.j.server.handler.ContextHandler - Stopped o.e.j.w.WebAppContext@74d604cc{/webadmin,jar:file:/home/joinple/joinple/db/neo4j/development/system/lib/neo4j-server-2.2.4-static-web.jar!/webadmin-html,UNAVAILABLE}
14:29:50.066 [Thread-17] INFO  o.e.j.server.handler.ContextHandler - Stopped o.e.j.s.h.MovedContextHandler@2339d3d{/,null,UNAVAILABLE}
2015-12-06 13:29:50.076+0000 INFO  [API] Successfully shutdown Neo4j Server.
2015-12-06 13:29:50.180+0000 INFO  [API] Successfully stopped database
2015-12-06 13:29:50.180+0000 INFO  [API] Successfully shutdown database.
2015-12-06 13:30:51.051+0000 INFO  [API] Setting startup timeout to: 120000ms based on 120000
2015-12-06 13:30:53.375+0000 INFO  [API] Successfully started database
2015-12-06 13:30:53.452+0000 INFO  [API] Starting HTTP on port :7474 with 8 threads available
2015-12-06 13:30:53.695+0000 INFO  [API] Enabling HTTPS on port :7473
14:30:53.853 [main] INFO  org.eclipse.jetty.util.log - Logging initialized @3740ms
2015-12-06 13:30:53.926+0000 INFO  [API] Mounting static content at [/webadmin] from [webadmin-html]
2015-12-06 13:30:53.999+0000 INFO  [API] Mounting static content at [/browser] from [browser]
14:30:54.005 [main] INFO  org.eclipse.jetty.server.Server - jetty-9.2.4.v20141103
14:30:54.045 [main] INFO  o.e.j.server.handler.ContextHandler - Started o.e.j.s.h.MovedContextHandler@2339d3d{/,null,AVAILABLE}
14:30:54.156 [main] INFO  o.e.j.w.StandardDescriptorProcessor - NO JSP Support for /webadmin, did not find org.apache.jasper.servlet.JspServlet
14:30:54.178 [main] INFO  o.e.j.server.handler.ContextHandler - Started o.e.j.w.WebAppContext@74d604cc{/webadmin,jar:file:/home/joinple/joinple/db/neo4j/development/system/lib/neo4j-server-2.2.4-static-web.jar!/webadmin-html,AVAILABLE}
14:30:54.941 [main] INFO  o.e.j.server.handler.ContextHandler - Started o.e.j.s.ServletContextHandler@17053cd3{/db/manage,null,AVAILABLE}
14:30:55.318 [main] INFO  o.e.j.server.handler.ContextHandler - Started o.e.j.s.ServletContextHandler@63a209ab{/db/data,null,AVAILABLE}
14:30:55.343 [main] INFO  o.e.j.w.StandardDescriptorProcessor - NO JSP Support for /browser, did not find org.apache.jasper.servlet.JspServlet
14:30:55.345 [main] INFO  o.e.j.server.handler.ContextHandler - Started o.e.j.w.WebAppContext@4f8afebf{/browser,jar:file:/home/joinple/joinple/db/neo4j/development/system/lib/neo4j-browser-2.2.4.jar!/browser,AVAILABLE}
14:30:55.535 [main] INFO  o.e.j.server.handler.ContextHandler - Started o.e.j.s.ServletContextHandler@3c524593{/,null,AVAILABLE}
14:30:55.554 [main] INFO  o.e.jetty.server.ServerConnector - Started ServerConnector@4f4bdfcf{HTTP/1.1}{localhost:7474}
14:30:55.785 [main] INFO  o.e.jetty.server.ServerConnector - Started ServerConnector@6fb07636{SSL-HTTP/1.1}{localhost:7473}
14:30:55.786 [main] INFO  org.eclipse.jetty.server.Server - Started @5680ms
2015-12-06 13:30:55.787+0000 INFO  [API] Server started on: http://localhost:7474/
2015-12-06 13:30:55.787+0000 INFO  [API] Remote interface ready and available at [http://localhost:7474/]
2015-12-06 23:13:54.834+0000 INFO  [API] Neo4j Server shutdown initiated by request
00:13:54.847 [Thread-17] INFO  o.e.jetty.server.ServerConnector - Stopped ServerConnector@4f4bdfcf{HTTP/1.1}{localhost:7474}
00:13:54.850 [Thread-17] INFO  o.e.jetty.server.ServerConnector - Stopped ServerConnector@6fb07636{SSL-HTTP/1.1}{localhost:7473}
00:13:54.852 [Thread-17] INFO  o.e.j.server.handler.ContextHandler - Stopped o.e.j.s.ServletContextHandler@3c524593{/,null,UNAVAILABLE}
00:13:54.862 [Thread-17] INFO  o.e.j.server.handler.ContextHandler - Stopped o.e.j.w.WebAppContext@4f8afebf{/browser,jar:file:/home/joinple/joinple/db/neo4j/development/system/lib/neo4j-browser-2.2.4.jar!/browser,UNAVAILABLE}
00:13:54.863 [Thread-17] INFO  o.e.j.server.handler.ContextHandler - Stopped o.e.j.s.ServletContextHandler@63a209ab{/db/data,null,UNAVAILABLE}
00:13:54.863 [Thread-17] INFO  o.e.j.server.handler.ContextHandler - Stopped o.e.j.s.ServletContextHandler@17053cd3{/db/manage,null,UNAVAILABLE}
00:13:54.864 [Thread-17] INFO  o.e.j.server.handler.ContextHandler - Stopped o.e.j.w.WebAppContext@74d604cc{/webadmin,jar:file:/home/joinple/joinple/db/neo4j/development/system/lib/neo4j-server-2.2.4-static-web.jar!/webadmin-html,UNAVAILABLE}
00:13:54.865 [Thread-17] INFO  o.e.j.server.handler.ContextHandler - Stopped o.e.j.s.h.MovedContextHandler@2339d3d{/,null,UNAVAILABLE}
2015-12-06 23:13:54.894+0000 INFO  [API] Successfully shutdown Neo4j Server.
2015-12-06 23:13:55.000+0000 INFO  [API] Successfully stopped database
2015-12-06 23:13:55.000+0000 INFO  [API] Successfully shutdown database.
2015-12-07 00:21:20.859+0000 INFO  [API] Setting startup timeout to: 120000ms based on 120000
2015-12-07 00:21:23.498+0000 INFO  [API] Successfully started database
2015-12-07 00:21:23.594+0000 INFO  [API] Starting HTTP on port :7474 with 8 threads available
2015-12-07 00:21:23.905+0000 INFO  [API] Enabling HTTPS on port :7473
01:21:24.110 [main] INFO  org.eclipse.jetty.util.log - Logging initialized @4265ms
2015-12-07 00:21:24.201+0000 INFO  [API] Mounting static content at [/webadmin] from [webadmin-html]
2015-12-07 00:21:24.283+0000 INFO  [API] Mounting static content at [/browser] from [browser]
01:21:24.289 [main] INFO  org.eclipse.jetty.server.Server - jetty-9.2.4.v20141103
01:21:24.335 [main] INFO  o.e.j.server.handler.ContextHandler - Started o.e.j.s.h.MovedContextHandler@6d1e3b4{/,null,AVAILABLE}
01:21:24.456 [main] INFO  o.e.j.w.StandardDescriptorProcessor - NO JSP Support for /webadmin, did not find org.apache.jasper.servlet.JspServlet
01:21:24.481 [main] INFO  o.e.j.server.handler.ContextHandler - Started o.e.j.w.WebAppContext@207d475b{/webadmin,jar:file:/home/joinple/joinple/db/neo4j/development/system/lib/neo4j-server-2.2.4-static-web.jar!/webadmin-html,AVAILABLE}
01:21:25.209 [main] INFO  o.e.j.server.handler.ContextHandler - Started o.e.j.s.ServletContextHandler@36aa0abe{/db/manage,null,AVAILABLE}
01:21:25.604 [main] INFO  o.e.j.server.handler.ContextHandler - Started o.e.j.s.ServletContextHandler@551ef083{/db/data,null,AVAILABLE}
01:21:25.644 [main] INFO  o.e.j.w.StandardDescriptorProcessor - NO JSP Support for /browser, did not find org.apache.jasper.servlet.JspServlet
01:21:25.647 [main] INFO  o.e.j.server.handler.ContextHandler - Started o.e.j.w.WebAppContext@2b46936{/browser,jar:file:/home/joinple/joinple/db/neo4j/development/system/lib/neo4j-browser-2.2.4.jar!/browser,AVAILABLE}
01:21:25.882 [main] INFO  o.e.j.server.handler.ContextHandler - Started o.e.j.s.ServletContextHandler@1199c946{/,null,AVAILABLE}
01:21:25.900 [main] INFO  o.e.jetty.server.ServerConnector - Started ServerConnector@7715a50a{HTTP/1.1}{localhost:7474}
01:21:26.143 [main] INFO  o.e.jetty.server.ServerConnector - Started ServerConnector@164c4a7d{SSL-HTTP/1.1}{localhost:7473}
01:21:26.146 [main] INFO  org.eclipse.jetty.server.Server - Started @6311ms
2015-12-07 00:21:26.146+0000 INFO  [API] Server started on: http://localhost:7474/
2015-12-07 00:21:26.147+0000 INFO  [API] Remote interface ready and available at [http://localhost:7474/]
2015-12-07 15:59:36.050+0000 INFO  [API] Neo4j Server shutdown initiated by request
16:59:36.067 [Thread-17] INFO  o.e.jetty.server.ServerConnector - Stopped ServerConnector@7715a50a{HTTP/1.1}{localhost:7474}
16:59:36.070 [Thread-17] INFO  o.e.jetty.server.ServerConnector - Stopped ServerConnector@164c4a7d{SSL-HTTP/1.1}{localhost:7473}
16:59:36.075 [Thread-17] INFO  o.e.j.server.handler.ContextHandler - Stopped o.e.j.s.ServletContextHandler@1199c946{/,null,UNAVAILABLE}
16:59:36.079 [Thread-17] INFO  o.e.j.server.handler.ContextHandler - Stopped o.e.j.w.WebAppContext@2b46936{/browser,jar:file:/home/joinple/joinple/db/neo4j/development/system/lib/neo4j-browser-2.2.4.jar!/browser,UNAVAILABLE}
16:59:36.081 [Thread-17] INFO  o.e.j.server.handler.ContextHandler - Stopped o.e.j.s.ServletContextHandler@551ef083{/db/data,null,UNAVAILABLE}
16:59:36.083 [Thread-17] INFO  o.e.j.server.handler.ContextHandler - Stopped o.e.j.s.ServletContextHandler@36aa0abe{/db/manage,null,UNAVAILABLE}
16:59:36.086 [Thread-17] INFO  o.e.j.server.handler.ContextHandler - Stopped o.e.j.w.WebAppContext@207d475b{/webadmin,jar:file:/home/joinple/joinple/db/neo4j/development/system/lib/neo4j-server-2.2.4-static-web.jar!/webadmin-html,UNAVAILABLE}
16:59:36.086 [Thread-17] INFO  o.e.j.server.handler.ContextHandler - Stopped o.e.j.s.h.MovedContextHandler@6d1e3b4{/,null,UNAVAILABLE}
2015-12-07 15:59:36.104+0000 INFO  [API] Successfully shutdown Neo4j Server.
2015-12-07 15:59:36.231+0000 INFO  [API] Successfully stopped database
2015-12-07 15:59:36.232+0000 INFO  [API] Successfully shutdown database.
2015-12-07 16:58:27.687+0000 INFO  [API] Setting startup timeout to: 120000ms based on 120000
2015-12-07 16:58:30.799+0000 INFO  [API] Successfully started database
2015-12-07 16:58:30.938+0000 INFO  [API] Starting HTTP on port :7474 with 8 threads available
2015-12-07 16:58:31.257+0000 INFO  [API] Enabling HTTPS on port :7473
17:58:31.514 [main] INFO  org.eclipse.jetty.util.log - Logging initialized @5387ms
2015-12-07 16:58:31.595+0000 INFO  [API] Mounting static content at [/webadmin] from [webadmin-html]
2015-12-07 16:58:31.674+0000 INFO  [API] Mounting static content at [/browser] from [browser]
17:58:31.681 [main] INFO  org.eclipse.jetty.server.Server - jetty-9.2.4.v20141103
17:58:31.721 [main] INFO  o.e.j.server.handler.ContextHandler - Started o.e.j.s.h.MovedContextHandler@6d1e3b4{/,null,AVAILABLE}
17:58:31.823 [main] INFO  o.e.j.w.StandardDescriptorProcessor - NO JSP Support for /webadmin, did not find org.apache.jasper.servlet.JspServlet
17:58:31.847 [main] INFO  o.e.j.server.handler.ContextHandler - Started o.e.j.w.WebAppContext@207d475b{/webadmin,jar:file:/home/joinple/joinple/db/neo4j/development/system/lib/neo4j-server-2.2.4-static-web.jar!/webadmin-html,AVAILABLE}
17:58:32.637 [main] INFO  o.e.j.server.handler.ContextHandler - Started o.e.j.s.ServletContextHandler@36aa0abe{/db/manage,null,AVAILABLE}
17:58:32.972 [main] INFO  o.e.j.server.handler.ContextHandler - Started o.e.j.s.ServletContextHandler@551ef083{/db/data,null,AVAILABLE}
17:58:32.996 [main] INFO  o.e.j.w.StandardDescriptorProcessor - NO JSP Support for /browser, did not find org.apache.jasper.servlet.JspServlet
17:58:32.999 [main] INFO  o.e.j.server.handler.ContextHandler - Started o.e.j.w.WebAppContext@2b46936{/browser,jar:file:/home/joinple/joinple/db/neo4j/development/system/lib/neo4j-browser-2.2.4.jar!/browser,AVAILABLE}
17:58:33.187 [main] INFO  o.e.j.server.handler.ContextHandler - Started o.e.j.s.ServletContextHandler@1199c946{/,null,AVAILABLE}
17:58:33.223 [main] INFO  o.e.jetty.server.ServerConnector - Started ServerConnector@773cc476{HTTP/1.1}{localhost:7474}
17:58:33.557 [main] INFO  o.e.jetty.server.ServerConnector - Started ServerConnector@3224d7c6{SSL-HTTP/1.1}{localhost:7473}
17:58:33.558 [main] INFO  org.eclipse.jetty.server.Server - Started @7441ms
2015-12-07 16:58:33.558+0000 INFO  [API] Server started on: http://localhost:7474/
2015-12-07 16:58:33.562+0000 INFO  [API] Remote interface ready and available at [http://localhost:7474/]
2015-12-07 17:00:48.359+0000 INFO  [API] Neo4j Server shutdown initiated by request
18:00:48.374 [Thread-17] INFO  o.e.jetty.server.ServerConnector - Stopped ServerConnector@773cc476{HTTP/1.1}{localhost:7474}
18:00:48.379 [Thread-17] INFO  o.e.jetty.server.ServerConnector - Stopped ServerConnector@3224d7c6{SSL-HTTP/1.1}{localhost:7473}
18:00:48.382 [Thread-17] INFO  o.e.j.server.handler.ContextHandler - Stopped o.e.j.s.ServletContextHandler@1199c946{/,null,UNAVAILABLE}
18:00:48.386 [Thread-17] INFO  o.e.j.server.handler.ContextHandler - Stopped o.e.j.w.WebAppContext@2b46936{/browser,jar:file:/home/joinple/joinple/db/neo4j/development/system/lib/neo4j-browser-2.2.4.jar!/browser,UNAVAILABLE}
18:00:48.388 [Thread-17] INFO  o.e.j.server.handler.ContextHandler - Stopped o.e.j.s.ServletContextHandler@551ef083{/db/data,null,UNAVAILABLE}
18:00:48.389 [Thread-17] INFO  o.e.j.server.handler.ContextHandler - Stopped o.e.j.s.ServletContextHandler@36aa0abe{/db/manage,null,UNAVAILABLE}
18:00:48.391 [Thread-17] INFO  o.e.j.server.handler.ContextHandler - Stopped o.e.j.w.WebAppContext@207d475b{/webadmin,jar:file:/home/joinple/joinple/db/neo4j/development/system/lib/neo4j-server-2.2.4-static-web.jar!/webadmin-html,UNAVAILABLE}
18:00:48.392 [Thread-17] INFO  o.e.j.server.handler.ContextHandler - Stopped o.e.j.s.h.MovedContextHandler@6d1e3b4{/,null,UNAVAILABLE}
2015-12-07 17:00:48.400+0000 INFO  [API] Successfully shutdown Neo4j Server.
2015-12-07 17:00:48.585+0000 INFO  [API] Successfully stopped database
2015-12-07 17:00:48.586+0000 INFO  [API] Successfully shutdown database.
2015-12-07 17:01:25.411+0000 INFO  [API] Setting startup timeout to: 120000ms based on 120000
2015-12-07 17:01:27.962+0000 INFO  [API] Successfully started database
2015-12-07 17:01:28.060+0000 INFO  [API] Starting HTTP on port :7474 with 8 threads available
2015-12-07 17:01:28.332+0000 INFO  [API] Enabling HTTPS on port :7473
18:01:28.544 [main] INFO  org.eclipse.jetty.util.log - Logging initialized @4150ms
2015-12-07 17:01:28.620+0000 INFO  [API] Mounting static content at [/webadmin] from [webadmin-html]
2015-12-07 17:01:28.705+0000 INFO  [API] Mounting static content at [/browser] from [browser]
18:01:28.711 [main] INFO  org.eclipse.jetty.server.Server - jetty-9.2.4.v20141103
18:01:28.756 [main] INFO  o.e.j.server.handler.ContextHandler - Started o.e.j.s.h.MovedContextHandler@6d1e3b4{/,null,AVAILABLE}
18:01:28.858 [main] INFO  o.e.j.w.StandardDescriptorProcessor - NO JSP Support for /webadmin, did not find org.apache.jasper.servlet.JspServlet
18:01:28.881 [main] INFO  o.e.j.server.handler.ContextHandler - Started o.e.j.w.WebAppContext@207d475b{/webadmin,jar:file:/home/joinple/joinple/db/neo4j/development/system/lib/neo4j-server-2.2.4-static-web.jar!/webadmin-html,AVAILABLE}
18:01:29.627 [main] INFO  o.e.j.server.handler.ContextHandler - Started o.e.j.s.ServletContextHandler@36aa0abe{/db/manage,null,AVAILABLE}
18:01:30.030 [main] INFO  o.e.j.server.handler.ContextHandler - Started o.e.j.s.ServletContextHandler@551ef083{/db/data,null,AVAILABLE}
18:01:30.060 [main] INFO  o.e.j.w.StandardDescriptorProcessor - NO JSP Support for /browser, did not find org.apache.jasper.servlet.JspServlet
18:01:30.062 [main] INFO  o.e.j.server.handler.ContextHandler - Started o.e.j.w.WebAppContext@2b46936{/browser,jar:file:/home/joinple/joinple/db/neo4j/development/system/lib/neo4j-browser-2.2.4.jar!/browser,AVAILABLE}
18:01:30.307 [main] INFO  o.e.j.server.handler.ContextHandler - Started o.e.j.s.ServletContextHandler@1199c946{/,null,AVAILABLE}
18:01:30.328 [main] INFO  o.e.jetty.server.ServerConnector - Started ServerConnector@7715a50a{HTTP/1.1}{localhost:7474}
18:01:30.589 [main] INFO  o.e.jetty.server.ServerConnector - Started ServerConnector@164c4a7d{SSL-HTTP/1.1}{localhost:7473}
18:01:30.590 [main] INFO  org.eclipse.jetty.server.Server - Started @6207ms
2015-12-07 17:01:30.592+0000 INFO  [API] Server started on: http://localhost:7474/
2015-12-07 17:01:30.592+0000 INFO  [API] Remote interface ready and available at [http://localhost:7474/]
2015-12-07 17:25:45.291+0000 INFO  [API] Neo4j Server shutdown initiated by request
18:25:45.302 [Thread-17] INFO  o.e.jetty.server.ServerConnector - Stopped ServerConnector@7715a50a{HTTP/1.1}{localhost:7474}
18:25:45.305 [Thread-17] INFO  o.e.jetty.server.ServerConnector - Stopped ServerConnector@164c4a7d{SSL-HTTP/1.1}{localhost:7473}
18:25:45.307 [Thread-17] INFO  o.e.j.server.handler.ContextHandler - Stopped o.e.j.s.ServletContextHandler@1199c946{/,null,UNAVAILABLE}
18:25:45.309 [Thread-17] INFO  o.e.j.server.handler.ContextHandler - Stopped o.e.j.w.WebAppContext@2b46936{/browser,jar:file:/home/joinple/joinple/db/neo4j/development/system/lib/neo4j-browser-2.2.4.jar!/browser,UNAVAILABLE}
18:25:45.311 [Thread-17] INFO  o.e.j.server.handler.ContextHandler - Stopped o.e.j.s.ServletContextHandler@551ef083{/db/data,null,UNAVAILABLE}
18:25:45.312 [Thread-17] INFO  o.e.j.server.handler.ContextHandler - Stopped o.e.j.s.ServletContextHandler@36aa0abe{/db/manage,null,UNAVAILABLE}
18:25:45.315 [Thread-17] INFO  o.e.j.server.handler.ContextHandler - Stopped o.e.j.w.WebAppContext@207d475b{/webadmin,jar:file:/home/joinple/joinple/db/neo4j/development/system/lib/neo4j-server-2.2.4-static-web.jar!/webadmin-html,UNAVAILABLE}
18:25:45.316 [Thread-17] INFO  o.e.j.server.handler.ContextHandler - Stopped o.e.j.s.h.MovedContextHandler@6d1e3b4{/,null,UNAVAILABLE}
2015-12-07 17:25:45.329+0000 INFO  [API] Successfully shutdown Neo4j Server.
2015-12-07 17:25:45.448+0000 INFO  [API] Successfully stopped database
2015-12-07 17:25:45.448+0000 INFO  [API] Successfully shutdown database.
2015-12-07 18:46:28.461+0000 INFO  [API] Setting startup timeout to: 120000ms based on 120000
2015-12-07 18:46:31.678+0000 INFO  [API] Successfully started database
2015-12-07 18:46:31.832+0000 INFO  [API] Starting HTTP on port :7474 with 8 threads available
2015-12-07 18:46:32.134+0000 INFO  [API] Enabling HTTPS on port :7473
19:46:32.385 [main] INFO  org.eclipse.jetty.util.log - Logging initialized @5470ms
2015-12-07 18:46:32.477+0000 INFO  [API] Mounting static content at [/webadmin] from [webadmin-html]
2015-12-07 18:46:32.563+0000 INFO  [API] Mounting static content at [/browser] from [browser]
19:46:32.570 [main] INFO  org.eclipse.jetty.server.Server - jetty-9.2.4.v20141103
19:46:32.610 [main] INFO  o.e.j.server.handler.ContextHandler - Started o.e.j.s.h.MovedContextHandler@6d1e3b4{/,null,AVAILABLE}
19:46:32.711 [main] INFO  o.e.j.w.StandardDescriptorProcessor - NO JSP Support for /webadmin, did not find org.apache.jasper.servlet.JspServlet
19:46:32.734 [main] INFO  o.e.j.server.handler.ContextHandler - Started o.e.j.w.WebAppContext@207d475b{/webadmin,jar:file:/home/joinple/joinple/db/neo4j/development/system/lib/neo4j-server-2.2.4-static-web.jar!/webadmin-html,AVAILABLE}
19:46:33.482 [main] INFO  o.e.j.server.handler.ContextHandler - Started o.e.j.s.ServletContextHandler@36aa0abe{/db/manage,null,AVAILABLE}
19:46:33.876 [main] INFO  o.e.j.server.handler.ContextHandler - Started o.e.j.s.ServletContextHandler@551ef083{/db/data,null,AVAILABLE}
19:46:33.916 [main] INFO  o.e.j.w.StandardDescriptorProcessor - NO JSP Support for /browser, did not find org.apache.jasper.servlet.JspServlet
19:46:33.919 [main] INFO  o.e.j.server.handler.ContextHandler - Started o.e.j.w.WebAppContext@2b46936{/browser,jar:file:/home/joinple/joinple/db/neo4j/development/system/lib/neo4j-browser-2.2.4.jar!/browser,AVAILABLE}
19:46:34.136 [main] INFO  o.e.j.server.handler.ContextHandler - Started o.e.j.s.ServletContextHandler@1199c946{/,null,AVAILABLE}
19:46:34.212 [main] INFO  o.e.jetty.server.ServerConnector - Started ServerConnector@7715a50a{HTTP/1.1}{localhost:7474}
19:46:34.552 [main] INFO  o.e.jetty.server.ServerConnector - Started ServerConnector@164c4a7d{SSL-HTTP/1.1}{localhost:7473}
19:46:34.554 [main] INFO  org.eclipse.jetty.server.Server - Started @7653ms
2015-12-07 18:46:34.555+0000 INFO  [API] Server started on: http://localhost:7474/
2015-12-07 18:46:34.555+0000 INFO  [API] Remote interface ready and available at [http://localhost:7474/]
2015-12-09 00:28:51.403+0000 INFO  [API] Neo4j Server shutdown initiated by request
01:28:51.414 [Thread-17] INFO  o.e.jetty.server.ServerConnector - Stopped ServerConnector@7715a50a{HTTP/1.1}{localhost:7474}
01:28:51.415 [Thread-17] INFO  o.e.jetty.server.ServerConnector - Stopped ServerConnector@164c4a7d{SSL-HTTP/1.1}{localhost:7473}
01:28:51.419 [Thread-17] INFO  o.e.j.server.handler.ContextHandler - Stopped o.e.j.s.ServletContextHandler@1199c946{/,null,UNAVAILABLE}
01:28:51.421 [Thread-17] INFO  o.e.j.server.handler.ContextHandler - Stopped o.e.j.w.WebAppContext@2b46936{/browser,jar:file:/home/joinple/joinple/db/neo4j/development/system/lib/neo4j-browser-2.2.4.jar!/browser,UNAVAILABLE}
01:28:51.422 [Thread-17] INFO  o.e.j.server.handler.ContextHandler - Stopped o.e.j.s.ServletContextHandler@551ef083{/db/data,null,UNAVAILABLE}
01:28:51.423 [Thread-17] INFO  o.e.j.server.handler.ContextHandler - Stopped o.e.j.s.ServletContextHandler@36aa0abe{/db/manage,null,UNAVAILABLE}
01:28:51.425 [Thread-17] INFO  o.e.j.server.handler.ContextHandler - Stopped o.e.j.w.WebAppContext@207d475b{/webadmin,jar:file:/home/joinple/joinple/db/neo4j/development/system/lib/neo4j-server-2.2.4-static-web.jar!/webadmin-html,UNAVAILABLE}
01:28:51.426 [Thread-17] INFO  o.e.j.server.handler.ContextHandler - Stopped o.e.j.s.h.MovedContextHandler@6d1e3b4{/,null,UNAVAILABLE}
2015-12-09 00:28:51.434+0000 INFO  [API] Successfully shutdown Neo4j Server.
2015-12-09 00:28:51.547+0000 INFO  [API] Successfully stopped database
2015-12-09 00:28:51.547+0000 INFO  [API] Successfully shutdown database.
2015-12-09 11:59:05.478+0000 INFO  [API] Setting startup timeout to: 120000ms based on 120000
2015-12-09 11:59:12.524+0000 INFO  [API] Successfully started database
2015-12-09 11:59:12.784+0000 INFO  [API] Starting HTTP on port :7474 with 8 threads available
2015-12-09 11:59:13.293+0000 INFO  [API] Enabling HTTPS on port :7473
12:59:13.698 [main] INFO  org.eclipse.jetty.util.log - Logging initialized @10758ms
2015-12-09 11:59:13.826+0000 INFO  [API] Mounting static content at [/webadmin] from [webadmin-html]
2015-12-09 11:59:13.963+0000 INFO  [API] Mounting static content at [/browser] from [browser]
12:59:13.970 [main] INFO  org.eclipse.jetty.server.Server - jetty-9.2.4.v20141103
12:59:14.017 [main] INFO  o.e.j.server.handler.ContextHandler - Started o.e.j.s.h.MovedContextHandler@6d1e3b4{/,null,AVAILABLE}
12:59:14.118 [main] INFO  o.e.j.w.StandardDescriptorProcessor - NO JSP Support for /webadmin, did not find org.apache.jasper.servlet.JspServlet
12:59:14.142 [main] INFO  o.e.j.server.handler.ContextHandler - Started o.e.j.w.WebAppContext@207d475b{/webadmin,jar:file:/home/joinple/joinple/db/neo4j/development/system/lib/neo4j-server-2.2.4-static-web.jar!/webadmin-html,AVAILABLE}
12:59:15.053 [main] INFO  o.e.j.server.handler.ContextHandler - Started o.e.j.s.ServletContextHandler@36aa0abe{/db/manage,null,AVAILABLE}
12:59:15.491 [main] INFO  o.e.j.server.handler.ContextHandler - Started o.e.j.s.ServletContextHandler@551ef083{/db/data,null,AVAILABLE}
12:59:15.525 [main] INFO  o.e.j.w.StandardDescriptorProcessor - NO JSP Support for /browser, did not find org.apache.jasper.servlet.JspServlet
12:59:15.528 [main] INFO  o.e.j.server.handler.ContextHandler - Started o.e.j.w.WebAppContext@2b46936{/browser,jar:file:/home/joinple/joinple/db/neo4j/development/system/lib/neo4j-browser-2.2.4.jar!/browser,AVAILABLE}
12:59:15.821 [main] INFO  o.e.j.server.handler.ContextHandler - Started o.e.j.s.ServletContextHandler@1199c946{/,null,AVAILABLE}
12:59:15.884 [main] INFO  o.e.jetty.server.ServerConnector - Started ServerConnector@7715a50a{HTTP/1.1}{localhost:7474}
12:59:16.367 [main] INFO  o.e.jetty.server.ServerConnector - Started ServerConnector@164c4a7d{SSL-HTTP/1.1}{localhost:7473}
12:59:16.368 [main] INFO  org.eclipse.jetty.server.Server - Started @13437ms
2015-12-09 11:59:16.369+0000 INFO  [API] Server started on: http://localhost:7474/
2015-12-09 11:59:16.369+0000 INFO  [API] Remote interface ready and available at [http://localhost:7474/]
2015-12-09 17:00:29.696+0000 INFO  [API] Neo4j Server shutdown initiated by request
18:00:29.706 [Thread-17] INFO  o.e.jetty.server.ServerConnector - Stopped ServerConnector@7715a50a{HTTP/1.1}{localhost:7474}
18:00:29.707 [Thread-17] INFO  o.e.jetty.server.ServerConnector - Stopped ServerConnector@164c4a7d{SSL-HTTP/1.1}{localhost:7473}
18:00:29.710 [Thread-17] INFO  o.e.j.server.handler.ContextHandler - Stopped o.e.j.s.ServletContextHandler@1199c946{/,null,UNAVAILABLE}
18:00:29.712 [Thread-17] INFO  o.e.j.server.handler.ContextHandler - Stopped o.e.j.w.WebAppContext@2b46936{/browser,jar:file:/home/joinple/joinple/db/neo4j/development/system/lib/neo4j-browser-2.2.4.jar!/browser,UNAVAILABLE}
18:00:29.714 [Thread-17] INFO  o.e.j.server.handler.ContextHandler - Stopped o.e.j.s.ServletContextHandler@551ef083{/db/data,null,UNAVAILABLE}
18:00:29.715 [Thread-17] INFO  o.e.j.server.handler.ContextHandler - Stopped o.e.j.s.ServletContextHandler@36aa0abe{/db/manage,null,UNAVAILABLE}
18:00:29.717 [Thread-17] INFO  o.e.j.server.handler.ContextHandler - Stopped o.e.j.w.WebAppContext@207d475b{/webadmin,jar:file:/home/joinple/joinple/db/neo4j/development/system/lib/neo4j-server-2.2.4-static-web.jar!/webadmin-html,UNAVAILABLE}
18:00:29.718 [Thread-17] INFO  o.e.j.server.handler.ContextHandler - Stopped o.e.j.s.h.MovedContextHandler@6d1e3b4{/,null,UNAVAILABLE}
2015-12-09 17:00:29.728+0000 INFO  [API] Successfully shutdown Neo4j Server.
2015-12-09 17:00:30.101+0000 INFO  [API] Successfully stopped database
2015-12-09 17:00:30.102+0000 INFO  [API] Successfully shutdown database.
2015-12-09 17:05:21.822+0000 INFO  [API] Setting startup timeout to: 120000ms based on 120000
2015-12-09 17:05:24.563+0000 INFO  [API] Successfully started database
2015-12-09 17:05:24.654+0000 INFO  [API] Starting HTTP on port :7474 with 8 threads available
2015-12-09 17:05:24.895+0000 INFO  [API] Enabling HTTPS on port :7473
18:05:25.109 [main] INFO  org.eclipse.jetty.util.log - Logging initialized @4264ms
2015-12-09 17:05:25.198+0000 INFO  [API] Mounting static content at [/webadmin] from [webadmin-html]
2015-12-09 17:05:25.268+0000 INFO  [API] Mounting static content at [/browser] from [browser]
18:05:25.273 [main] INFO  org.eclipse.jetty.server.Server - jetty-9.2.4.v20141103
18:05:25.312 [main] INFO  o.e.j.server.handler.ContextHandler - Started o.e.j.s.h.MovedContextHandler@6d1e3b4{/,null,AVAILABLE}
18:05:25.399 [main] INFO  o.e.j.w.StandardDescriptorProcessor - NO JSP Support for /webadmin, did not find org.apache.jasper.servlet.JspServlet
18:05:25.422 [main] INFO  o.e.j.server.handler.ContextHandler - Started o.e.j.w.WebAppContext@207d475b{/webadmin,jar:file:/home/joinple/joinple/db/neo4j/development/system/lib/neo4j-server-2.2.4-static-web.jar!/webadmin-html,AVAILABLE}
18:05:26.135 [main] INFO  o.e.j.server.handler.ContextHandler - Started o.e.j.s.ServletContextHandler@36aa0abe{/db/manage,null,AVAILABLE}
18:05:26.539 [main] INFO  o.e.j.server.handler.ContextHandler - Started o.e.j.s.ServletContextHandler@551ef083{/db/data,null,AVAILABLE}
18:05:26.572 [main] INFO  o.e.j.w.StandardDescriptorProcessor - NO JSP Support for /browser, did not find org.apache.jasper.servlet.JspServlet
18:05:26.574 [main] INFO  o.e.j.server.handler.ContextHandler - Started o.e.j.w.WebAppContext@2b46936{/browser,jar:file:/home/joinple/joinple/db/neo4j/development/system/lib/neo4j-browser-2.2.4.jar!/browser,AVAILABLE}
18:05:26.866 [main] INFO  o.e.j.server.handler.ContextHandler - Started o.e.j.s.ServletContextHandler@1199c946{/,null,AVAILABLE}
18:05:26.891 [main] INFO  o.e.jetty.server.ServerConnector - Started ServerConnector@7715a50a{HTTP/1.1}{localhost:7474}
18:05:27.134 [main] INFO  o.e.jetty.server.ServerConnector - Started ServerConnector@164c4a7d{SSL-HTTP/1.1}{localhost:7473}
18:05:27.135 [main] INFO  org.eclipse.jetty.server.Server - Started @6299ms
2015-12-09 17:05:27.136+0000 INFO  [API] Server started on: http://localhost:7474/
2015-12-09 17:05:27.137+0000 INFO  [API] Remote interface ready and available at [http://localhost:7474/]
2015-12-09 17:08:38.768+0000 INFO  [API] Neo4j Server shutdown initiated by request
18:08:38.778 [Thread-17] INFO  o.e.jetty.server.ServerConnector - Stopped ServerConnector@7715a50a{HTTP/1.1}{localhost:7474}
18:08:38.780 [Thread-17] INFO  o.e.jetty.server.ServerConnector - Stopped ServerConnector@164c4a7d{SSL-HTTP/1.1}{localhost:7473}
18:08:38.784 [Thread-17] INFO  o.e.j.server.handler.ContextHandler - Stopped o.e.j.s.ServletContextHandler@1199c946{/,null,UNAVAILABLE}
18:08:38.787 [Thread-17] INFO  o.e.j.server.handler.ContextHandler - Stopped o.e.j.w.WebAppContext@2b46936{/browser,jar:file:/home/joinple/joinple/db/neo4j/development/system/lib/neo4j-browser-2.2.4.jar!/browser,UNAVAILABLE}
18:08:38.788 [Thread-17] INFO  o.e.j.server.handler.ContextHandler - Stopped o.e.j.s.ServletContextHandler@551ef083{/db/data,null,UNAVAILABLE}
18:08:38.789 [Thread-17] INFO  o.e.j.server.handler.ContextHandler - Stopped o.e.j.s.ServletContextHandler@36aa0abe{/db/manage,null,UNAVAILABLE}
18:08:38.792 [Thread-17] INFO  o.e.j.server.handler.ContextHandler - Stopped o.e.j.w.WebAppContext@207d475b{/webadmin,jar:file:/home/joinple/joinple/db/neo4j/development/system/lib/neo4j-server-2.2.4-static-web.jar!/webadmin-html,UNAVAILABLE}
18:08:38.792 [Thread-17] INFO  o.e.j.server.handler.ContextHandler - Stopped o.e.j.s.h.MovedContextHandler@6d1e3b4{/,null,UNAVAILABLE}
2015-12-09 17:08:38.803+0000 INFO  [API] Successfully shutdown Neo4j Server.
2015-12-09 17:08:38.899+0000 INFO  [API] Successfully stopped database
2015-12-09 17:08:38.900+0000 INFO  [API] Successfully shutdown database.
