nov 10, 2015 10:25:07 AM com.sun.jersey.server.impl.application.WebApplicationImpl _initiate
INFORMAZIONI: Initiating Jersey application, version 'Jersey: 1.19 02/11/2015 03:25 AM'
nov 10, 2015 10:25:07 AM com.sun.jersey.server.impl.application.WebApplicationImpl _initiate
INFORMAZIONI: Initiating Jersey application, version 'Jersey: 1.19 02/11/2015 03:25 AM'
nov 10, 2015 10:25:08 AM com.sun.jersey.server.impl.application.WebApplicationImpl _initiate
INFORMAZIONI: Initiating Jersey application, version 'Jersey: 1.19 02/11/2015 03:25 AM'
nov 17, 2015 12:23:41 PM com.sun.jersey.server.impl.application.WebApplicationImpl _initiate
INFORMAZIONI: Initiating Jersey application, version 'Jersey: 1.19 02/11/2015 03:25 AM'
nov 17, 2015 12:23:42 PM com.sun.jersey.server.impl.application.WebApplicationImpl _initiate
INFORMAZIONI: Initiating Jersey application, version 'Jersey: 1.19 02/11/2015 03:25 AM'
nov 17, 2015 12:23:42 PM com.sun.jersey.server.impl.application.WebApplicationImpl _initiate
INFORMAZIONI: Initiating Jersey application, version 'Jersey: 1.19 02/11/2015 03:25 AM'
nov 18, 2015 7:54:52 AM com.sun.jersey.server.impl.application.WebApplicationImpl _initiate
INFORMAZIONI: Initiating Jersey application, version 'Jersey: 1.19 02/11/2015 03:25 AM'
nov 18, 2015 7:54:53 AM com.sun.jersey.server.impl.application.WebApplicationImpl _initiate
INFORMAZIONI: Initiating Jersey application, version 'Jersey: 1.19 02/11/2015 03:25 AM'
nov 18, 2015 7:54:54 AM com.sun.jersey.server.impl.application.WebApplicationImpl _initiate
INFORMAZIONI: Initiating Jersey application, version 'Jersey: 1.19 02/11/2015 03:25 AM'
nov 21, 2015 3:48:10 PM com.sun.jersey.server.impl.application.WebApplicationImpl _initiate
INFORMAZIONI: Initiating Jersey application, version 'Jersey: 1.19 02/11/2015 03:25 AM'
nov 21, 2015 3:48:11 PM com.sun.jersey.server.impl.application.WebApplicationImpl _initiate
INFORMAZIONI: Initiating Jersey application, version 'Jersey: 1.19 02/11/2015 03:25 AM'
nov 21, 2015 3:48:11 PM com.sun.jersey.server.impl.application.WebApplicationImpl _initiate
INFORMAZIONI: Initiating Jersey application, version 'Jersey: 1.19 02/11/2015 03:25 AM'
nov 21, 2015 7:57:52 PM com.sun.jersey.server.impl.application.WebApplicationImpl _initiate
INFORMAZIONI: Initiating Jersey application, version 'Jersey: 1.19 02/11/2015 03:25 AM'
nov 21, 2015 7:57:53 PM com.sun.jersey.server.impl.application.WebApplicationImpl _initiate
INFORMAZIONI: Initiating Jersey application, version 'Jersey: 1.19 02/11/2015 03:25 AM'
nov 21, 2015 7:57:53 PM com.sun.jersey.server.impl.application.WebApplicationImpl _initiate
INFORMAZIONI: Initiating Jersey application, version 'Jersey: 1.19 02/11/2015 03:25 AM'
nov 29, 2015 5:00:39 AM com.sun.jersey.server.impl.application.WebApplicationImpl _initiate
INFORMAZIONI: Initiating Jersey application, version 'Jersey: 1.19 02/11/2015 03:25 AM'
nov 29, 2015 5:00:39 AM com.sun.jersey.server.impl.application.WebApplicationImpl _initiate
INFORMAZIONI: Initiating Jersey application, version 'Jersey: 1.19 02/11/2015 03:25 AM'
nov 29, 2015 5:00:40 AM com.sun.jersey.server.impl.application.WebApplicationImpl _initiate
INFORMAZIONI: Initiating Jersey application, version 'Jersey: 1.19 02/11/2015 03:25 AM'
nov 29, 2015 8:07:44 PM com.sun.jersey.server.impl.application.WebApplicationImpl _initiate
INFORMAZIONI: Initiating Jersey application, version 'Jersey: 1.19 02/11/2015 03:25 AM'
nov 29, 2015 8:07:45 PM com.sun.jersey.server.impl.application.WebApplicationImpl _initiate
INFORMAZIONI: Initiating Jersey application, version 'Jersey: 1.19 02/11/2015 03:25 AM'
nov 29, 2015 8:07:45 PM com.sun.jersey.server.impl.application.WebApplicationImpl _initiate
INFORMAZIONI: Initiating Jersey application, version 'Jersey: 1.19 02/11/2015 03:25 AM'
dic 01, 2015 9:03:05 AM com.sun.jersey.server.impl.application.WebApplicationImpl _initiate
INFORMAZIONI: Initiating Jersey application, version 'Jersey: 1.19 02/11/2015 03:25 AM'
dic 01, 2015 9:03:06 AM com.sun.jersey.server.impl.application.WebApplicationImpl _initiate
INFORMAZIONI: Initiating Jersey application, version 'Jersey: 1.19 02/11/2015 03:25 AM'
dic 01, 2015 9:03:06 AM com.sun.jersey.server.impl.application.WebApplicationImpl _initiate
INFORMAZIONI: Initiating Jersey application, version 'Jersey: 1.19 02/11/2015 03:25 AM'
dic 02, 2015 11:22:51 AM com.sun.jersey.server.impl.application.WebApplicationImpl _initiate
INFORMAZIONI: Initiating Jersey application, version 'Jersey: 1.19 02/11/2015 03:25 AM'
dic 02, 2015 11:22:52 AM com.sun.jersey.server.impl.application.WebApplicationImpl _initiate
INFORMAZIONI: Initiating Jersey application, version 'Jersey: 1.19 02/11/2015 03:25 AM'
dic 02, 2015 11:22:52 AM com.sun.jersey.server.impl.application.WebApplicationImpl _initiate
INFORMAZIONI: Initiating Jersey application, version 'Jersey: 1.19 02/11/2015 03:25 AM'
dic 05, 2015 3:28:03 PM com.sun.jersey.server.impl.application.WebApplicationImpl _initiate
INFORMAZIONI: Initiating Jersey application, version 'Jersey: 1.19 02/11/2015 03:25 AM'
dic 05, 2015 3:28:04 PM com.sun.jersey.server.impl.application.WebApplicationImpl _initiate
INFORMAZIONI: Initiating Jersey application, version 'Jersey: 1.19 02/11/2015 03:25 AM'
dic 05, 2015 3:28:04 PM com.sun.jersey.server.impl.application.WebApplicationImpl _initiate
INFORMAZIONI: Initiating Jersey application, version 'Jersey: 1.19 02/11/2015 03:25 AM'
dic 06, 2015 12:26:53 PM com.sun.jersey.server.impl.application.WebApplicationImpl _initiate
INFORMAZIONI: Initiating Jersey application, version 'Jersey: 1.19 02/11/2015 03:25 AM'
dic 06, 2015 12:26:53 PM com.sun.jersey.server.impl.application.WebApplicationImpl _initiate
INFORMAZIONI: Initiating Jersey application, version 'Jersey: 1.19 02/11/2015 03:25 AM'
dic 06, 2015 12:26:54 PM com.sun.jersey.server.impl.application.WebApplicationImpl _initiate
INFORMAZIONI: Initiating Jersey application, version 'Jersey: 1.19 02/11/2015 03:25 AM'
dic 06, 2015 2:30:54 PM com.sun.jersey.server.impl.application.WebApplicationImpl _initiate
INFORMAZIONI: Initiating Jersey application, version 'Jersey: 1.19 02/11/2015 03:25 AM'
dic 06, 2015 2:30:54 PM com.sun.jersey.server.impl.application.WebApplicationImpl _initiate
INFORMAZIONI: Initiating Jersey application, version 'Jersey: 1.19 02/11/2015 03:25 AM'
dic 06, 2015 2:30:55 PM com.sun.jersey.server.impl.application.WebApplicationImpl _initiate
INFORMAZIONI: Initiating Jersey application, version 'Jersey: 1.19 02/11/2015 03:25 AM'
dic 07, 2015 1:21:24 AM com.sun.jersey.server.impl.application.WebApplicationImpl _initiate
INFORMAZIONI: Initiating Jersey application, version 'Jersey: 1.19 02/11/2015 03:25 AM'
dic 07, 2015 1:21:25 AM com.sun.jersey.server.impl.application.WebApplicationImpl _initiate
INFORMAZIONI: Initiating Jersey application, version 'Jersey: 1.19 02/11/2015 03:25 AM'
dic 07, 2015 1:21:25 AM com.sun.jersey.server.impl.application.WebApplicationImpl _initiate
INFORMAZIONI: Initiating Jersey application, version 'Jersey: 1.19 02/11/2015 03:25 AM'
dic 07, 2015 5:58:31 PM com.sun.jersey.server.impl.application.WebApplicationImpl _initiate
INFORMAZIONI: Initiating Jersey application, version 'Jersey: 1.19 02/11/2015 03:25 AM'
dic 07, 2015 5:58:32 PM com.sun.jersey.server.impl.application.WebApplicationImpl _initiate
INFORMAZIONI: Initiating Jersey application, version 'Jersey: 1.19 02/11/2015 03:25 AM'
dic 07, 2015 5:58:33 PM com.sun.jersey.server.impl.application.WebApplicationImpl _initiate
INFORMAZIONI: Initiating Jersey application, version 'Jersey: 1.19 02/11/2015 03:25 AM'
dic 07, 2015 6:01:28 PM com.sun.jersey.server.impl.application.WebApplicationImpl _initiate
INFORMAZIONI: Initiating Jersey application, version 'Jersey: 1.19 02/11/2015 03:25 AM'
dic 07, 2015 6:01:29 PM com.sun.jersey.server.impl.application.WebApplicationImpl _initiate
INFORMAZIONI: Initiating Jersey application, version 'Jersey: 1.19 02/11/2015 03:25 AM'
dic 07, 2015 6:01:30 PM com.sun.jersey.server.impl.application.WebApplicationImpl _initiate
INFORMAZIONI: Initiating Jersey application, version 'Jersey: 1.19 02/11/2015 03:25 AM'
dic 07, 2015 7:46:32 PM com.sun.jersey.server.impl.application.WebApplicationImpl _initiate
INFORMAZIONI: Initiating Jersey application, version 'Jersey: 1.19 02/11/2015 03:25 AM'
dic 07, 2015 7:46:33 PM com.sun.jersey.server.impl.application.WebApplicationImpl _initiate
INFORMAZIONI: Initiating Jersey application, version 'Jersey: 1.19 02/11/2015 03:25 AM'
dic 07, 2015 7:46:33 PM com.sun.jersey.server.impl.application.WebApplicationImpl _initiate
INFORMAZIONI: Initiating Jersey application, version 'Jersey: 1.19 02/11/2015 03:25 AM'
dic 09, 2015 12:59:14 PM com.sun.jersey.server.impl.application.WebApplicationImpl _initiate
INFORMAZIONI: Initiating Jersey application, version 'Jersey: 1.19 02/11/2015 03:25 AM'
dic 09, 2015 12:59:15 PM com.sun.jersey.server.impl.application.WebApplicationImpl _initiate
INFORMAZIONI: Initiating Jersey application, version 'Jersey: 1.19 02/11/2015 03:25 AM'
dic 09, 2015 12:59:15 PM com.sun.jersey.server.impl.application.WebApplicationImpl _initiate
INFORMAZIONI: Initiating Jersey application, version 'Jersey: 1.19 02/11/2015 03:25 AM'
dic 09, 2015 6:05:25 PM com.sun.jersey.server.impl.application.WebApplicationImpl _initiate
INFORMAZIONI: Initiating Jersey application, version 'Jersey: 1.19 02/11/2015 03:25 AM'
dic 09, 2015 6:05:26 PM com.sun.jersey.server.impl.application.WebApplicationImpl _initiate
INFORMAZIONI: Initiating Jersey application, version 'Jersey: 1.19 02/11/2015 03:25 AM'
dic 09, 2015 6:05:26 PM com.sun.jersey.server.impl.application.WebApplicationImpl _initiate
INFORMAZIONI: Initiating Jersey application, version 'Jersey: 1.19 02/11/2015 03:25 AM'
